{"/home/travis/build/npmtest/node-npmtest-webpack-merge/test.js":{"path":"/home/travis/build/npmtest/node-npmtest-webpack-merge/test.js","s":{"1":2,"2":2,"3":2,"4":2,"5":2,"6":2,"7":2,"8":1,"9":2,"10":2,"11":1,"12":1,"13":1,"14":1,"15":2,"16":2,"17":2,"18":2,"19":1,"20":1,"21":2,"22":2,"23":2,"24":1,"25":1,"26":1,"27":1,"28":1,"29":1,"30":1,"31":1,"32":1,"33":1,"34":1,"35":1,"36":1,"37":2,"38":2,"39":1,"40":2,"41":2,"42":1,"43":2,"44":2,"45":1,"46":2,"47":2,"48":1,"49":1,"50":1,"51":1,"52":1},"b":{"1":[2,1,1,1],"2":[1,1,1,1],"3":[1,1],"4":[1,1],"5":[1,1],"6":[1,1],"7":[1,1],"8":[1,1],"9":[1,1,1],"10":[1,1],"11":[1,1],"12":[1,1],"13":[1,1],"14":[1,1],"15":[1,1],"16":[1,1]},"f":{"1":2,"2":2,"3":2,"4":2,"5":2,"6":1,"7":1,"8":2,"9":2,"10":2,"11":2,"12":1},"fnMap":{"1":{"name":"(anonymous_1)","line":12,"loc":{"start":{"line":12,"column":1},"end":{"line":12,"column":13}}},"2":{"name":"(anonymous_2)","line":19,"loc":{"start":{"line":19,"column":5},"end":{"line":19,"column":17}}},"3":{"name":"(anonymous_3)","line":23,"loc":{"start":{"line":23,"column":24},"end":{"line":23,"column":36}}},"4":{"name":"(anonymous_4)","line":61,"loc":{"start":{"line":61,"column":5},"end":{"line":61,"column":17}}},"5":{"name":"(anonymous_5)","line":82,"loc":{"start":{"line":82,"column":5},"end":{"line":82,"column":17}}},"6":{"name":"(anonymous_6)","line":102,"loc":{"start":{"line":102,"column":83},"end":{"line":105,"column":10}},"skip":true},"7":{"name":"(anonymous_7)","line":113,"loc":{"start":{"line":113,"column":77},"end":{"line":116,"column":10}},"skip":true},"8":{"name":"(anonymous_8)","line":129,"loc":{"start":{"line":129,"column":12},"end":{"line":129,"column":40}},"skip":true},"9":{"name":"(anonymous_9)","line":137,"loc":{"start":{"line":137,"column":77},"end":{"line":140,"column":10}},"skip":true},"10":{"name":"(anonymous_10)","line":148,"loc":{"start":{"line":148,"column":83},"end":{"line":151,"column":10}},"skip":true},"11":{"name":"(anonymous_11)","line":159,"loc":{"start":{"line":159,"column":79},"end":{"line":162,"column":10}},"skip":true},"12":{"name":"(anonymous_12)","line":170,"loc":{"start":{"line":170,"column":75},"end":{"line":173,"column":10}},"skip":true}},"statementMap":{"1":{"start":{"line":12,"column":0},"end":{"line":185,"column":5}},"2":{"start":{"line":14,"column":4},"end":{"line":14,"column":14}},"3":{"start":{"line":19,"column":4},"end":{"line":56,"column":9}},"4":{"start":{"line":21,"column":8},"end":{"line":21,"column":19}},"5":{"start":{"line":23,"column":8},"end":{"line":35,"column":13}},"6":{"start":{"line":24,"column":12},"end":{"line":34,"column":13}},"7":{"start":{"line":25,"column":16},"end":{"line":28,"column":30}},"8":{"start":{"line":30,"column":16},"end":{"line":33,"column":27}},"9":{"start":{"line":37,"column":8},"end":{"line":39,"column":21}},"10":{"start":{"line":40,"column":8},"end":{"line":53,"column":9}},"11":{"start":{"line":43,"column":12},"end":{"line":46,"column":14}},"12":{"start":{"line":47,"column":12},"end":{"line":47,"column":18}},"13":{"start":{"line":50,"column":12},"end":{"line":51,"column":46}},"14":{"start":{"line":52,"column":12},"end":{"line":52,"column":18}},"15":{"start":{"line":55,"column":8},"end":{"line":55,"column":35}},"16":{"start":{"line":61,"column":4},"end":{"line":63,"column":9}},"17":{"start":{"line":62,"column":8},"end":{"line":62,"column":15}},"18":{"start":{"line":64,"column":4},"end":{"line":77,"column":5}},"19":{"start":{"line":70,"column":8},"end":{"line":70,"column":14}},"20":{"start":{"line":76,"column":8},"end":{"line":76,"column":14}},"21":{"start":{"line":82,"column":4},"end":{"line":84,"column":9}},"22":{"start":{"line":83,"column":8},"end":{"line":83,"column":15}},"23":{"start":{"line":85,"column":4},"end":{"line":184,"column":5}},"24":{"start":{"line":92,"column":8},"end":{"line":94,"column":63}},"25":{"start":{"line":95,"column":8},"end":{"line":95,"column":14}},"26":{"start":{"line":102,"column":8},"end":{"line":111,"column":10},"skip":true},"27":{"start":{"line":109,"column":12},"end":{"line":109,"column":55},"skip":true},"28":{"start":{"line":110,"column":12},"end":{"line":110,"column":48},"skip":true},"29":{"start":{"line":113,"column":8},"end":{"line":126,"column":10},"skip":true},"30":{"start":{"line":120,"column":12},"end":{"line":120,"column":76},"skip":true},"31":{"start":{"line":121,"column":12},"end":{"line":121,"column":73},"skip":true},"32":{"start":{"line":122,"column":12},"end":{"line":122,"column":74},"skip":true},"33":{"start":{"line":123,"column":12},"end":{"line":123,"column":79},"skip":true},"34":{"start":{"line":124,"column":12},"end":{"line":124,"column":25},"skip":true},"35":{"start":{"line":125,"column":12},"end":{"line":125,"column":45},"skip":true},"36":{"start":{"line":128,"column":8},"end":{"line":135,"column":14},"skip":true},"37":{"start":{"line":133,"column":16},"end":{"line":133,"column":29},"skip":true},"38":{"start":{"line":134,"column":16},"end":{"line":134,"column":55},"skip":true},"39":{"start":{"line":137,"column":8},"end":{"line":146,"column":10},"skip":true},"40":{"start":{"line":144,"column":12},"end":{"line":144,"column":25},"skip":true},"41":{"start":{"line":145,"column":12},"end":{"line":145,"column":45},"skip":true},"42":{"start":{"line":148,"column":8},"end":{"line":157,"column":10},"skip":true},"43":{"start":{"line":155,"column":12},"end":{"line":155,"column":25},"skip":true},"44":{"start":{"line":156,"column":12},"end":{"line":156,"column":48},"skip":true},"45":{"start":{"line":159,"column":8},"end":{"line":168,"column":10},"skip":true},"46":{"start":{"line":166,"column":12},"end":{"line":166,"column":25},"skip":true},"47":{"start":{"line":167,"column":12},"end":{"line":167,"column":46},"skip":true},"48":{"start":{"line":170,"column":8},"end":{"line":179,"column":10},"skip":true},"49":{"start":{"line":177,"column":12},"end":{"line":177,"column":94},"skip":true},"50":{"start":{"line":178,"column":12},"end":{"line":178,"column":48},"skip":true},"51":{"start":{"line":182,"column":8},"end":{"line":182,"column":35},"skip":true},"52":{"start":{"line":183,"column":8},"end":{"line":183,"column":14},"skip":true}},"branchMap":{"1":{"line":25,"type":"binary-expr","locations":[{"start":{"line":25,"column":23},"end":{"line":25,"column":62}},{"start":{"line":26,"column":20},"end":{"line":26,"column":70}},{"start":{"line":27,"column":20},"end":{"line":27,"column":71}},{"start":{"line":28,"column":20},"end":{"line":28,"column":29}}]},"2":{"line":30,"type":"binary-expr","locations":[{"start":{"line":30,"column":23},"end":{"line":30,"column":37}},{"start":{"line":31,"column":20},"end":{"line":31,"column":61}},{"start":{"line":32,"column":20},"end":{"line":32,"column":70}},{"start":{"line":33,"column":20},"end":{"line":33,"column":26}}]},"3":{"line":37,"type":"cond-expr","locations":[{"start":{"line":38,"column":14},"end":{"line":38,"column":20}},{"start":{"line":39,"column":14},"end":{"line":39,"column":20}}]},"4":{"line":40,"type":"switch","locations":[{"start":{"line":42,"column":8},"end":{"line":47,"column":18}},{"start":{"line":49,"column":8},"end":{"line":52,"column":18}}]},"5":{"line":44,"type":"binary-expr","locations":[{"start":{"line":44,"column":16},"end":{"line":44,"column":44}},{"start":{"line":44,"column":48},"end":{"line":44,"column":66}}]},"6":{"line":50,"type":"binary-expr","locations":[{"start":{"line":50,"column":21},"end":{"line":50,"column":49}},{"start":{"line":50,"column":53},"end":{"line":50,"column":72}}]},"7":{"line":64,"type":"switch","locations":[{"start":{"line":69,"column":4},"end":{"line":70,"column":14}},{"start":{"line":75,"column":4},"end":{"line":76,"column":14}}]},"8":{"line":85,"type":"switch","locations":[{"start":{"line":90,"column":4},"end":{"line":95,"column":14}},{"start":{"line":101,"column":4},"end":{"line":183,"column":14},"skip":true}]},"9":{"line":92,"type":"binary-expr","locations":[{"start":{"line":92,"column":18},"end":{"line":92,"column":32}},{"start":{"line":93,"column":12},"end":{"line":93,"column":53}},{"start":{"line":94,"column":12},"end":{"line":94,"column":61}}]},"10":{"line":102,"type":"binary-expr","locations":[{"start":{"line":102,"column":45},"end":{"line":102,"column":79},"skip":true},{"start":{"line":102,"column":83},"end":{"line":111,"column":9},"skip":true}]},"11":{"line":113,"type":"binary-expr","locations":[{"start":{"line":113,"column":42},"end":{"line":113,"column":73},"skip":true},{"start":{"line":113,"column":77},"end":{"line":126,"column":9},"skip":true}]},"12":{"line":128,"type":"binary-expr","locations":[{"start":{"line":128,"column":48},"end":{"line":128,"column":85},"skip":true},{"start":{"line":129,"column":12},"end":{"line":135,"column":13},"skip":true}]},"13":{"line":137,"type":"binary-expr","locations":[{"start":{"line":137,"column":42},"end":{"line":137,"column":73},"skip":true},{"start":{"line":137,"column":77},"end":{"line":146,"column":9},"skip":true}]},"14":{"line":148,"type":"binary-expr","locations":[{"start":{"line":148,"column":45},"end":{"line":148,"column":79},"skip":true},{"start":{"line":148,"column":83},"end":{"line":157,"column":9},"skip":true}]},"15":{"line":159,"type":"binary-expr","locations":[{"start":{"line":159,"column":43},"end":{"line":159,"column":75},"skip":true},{"start":{"line":159,"column":79},"end":{"line":168,"column":9},"skip":true}]},"16":{"line":170,"type":"binary-expr","locations":[{"start":{"line":170,"column":41},"end":{"line":170,"column":71},"skip":true},{"start":{"line":170,"column":75},"end":{"line":179,"column":9},"skip":true}]}},"code":["/* istanbul instrument in package npmtest_webpack_merge */","/*jslint","    bitwise: true,","    browser: true,","    maxerr: 8,","    maxlen: 96,","    node: true,","    nomen: true,","    regexp: true,","    stupid: true","*/","(function () {","    'use strict';","    var local;","","","","    // run shared js-env code - pre-init","    (function () {","        // init local","        local = {};","        // init modeJs","        local.modeJs = (function () {","            try {","                return typeof navigator.userAgent === 'string' &&","                    typeof document.querySelector('body') === 'object' &&","                    typeof XMLHttpRequest.prototype.open === 'function' &&","                    'browser';","            } catch (errorCaughtBrowser) {","                return module.exports &&","                    typeof process.versions.node === 'string' &&","                    typeof require('http').createServer === 'function' &&","                    'node';","            }","        }());","        // init global","        local.global = local.modeJs === 'browser'","            ? window","            : global;","        switch (local.modeJs) {","        // re-init local from window.local","        case 'browser':","            local = local.global.utility2.objectSetDefault(","                local.global.utility2_rollup || local.global.local,","                local.global.utility2","            );","            break;","        // re-init local from example.js","        case 'node':","            local = (local.global.utility2_rollup || require('utility2'))","                .requireExampleJsFromReadme();","            break;","        }","        // export local","        local.global.local = local;","    }());","","","","    // run shared js-env code - function","    (function () {","        return;","    }());","    switch (local.modeJs) {","","","","    // run browser js-env code - function","    case 'browser':","        break;","","","","    // run node js-env code - function","    case 'node':","        break;","    }","","","","    // run shared js-env code - post-init","    (function () {","        return;","    }());","    switch (local.modeJs) {","","","","    // run browser js-env code - post-init","    case 'browser':","        // run tests","        local.nop(local.modeTest &&","            document.querySelector('#testRunButton1') &&","            document.querySelector('#testRunButton1').click());","        break;","","","","    // run node js-env code - post-init","    /* istanbul ignore next */","    case 'node':","        local.testCase_buildApidoc_default = local.testCase_buildApidoc_default || function (","            options,","            onError","        ) {","        /*","         * this function will test buildApidoc's default handling-behavior-behavior","         */","            options = { modulePathList: module.paths };","            local.buildApidoc(options, onError);","        };","","        local.testCase_buildApp_default = local.testCase_buildApp_default || function (","            options,","            onError","        ) {","        /*","         * this function will test buildApp's default handling-behavior-behavior","         */","            local.testCase_buildReadme_default(options, local.onErrorThrow);","            local.testCase_buildLib_default(options, local.onErrorThrow);","            local.testCase_buildTest_default(options, local.onErrorThrow);","            local.testCase_buildCustomOrg_default(options, local.onErrorThrow);","            options = [];","            local.buildApp(options, onError);","        };","","        local.testCase_buildCustomOrg_default = local.testCase_buildCustomOrg_default ||","            function (options, onError) {","            /*","             * this function will test buildCustomOrg's default handling-behavior","             */","                options = {};","                local.buildCustomOrg(options, onError);","            };","","        local.testCase_buildLib_default = local.testCase_buildLib_default || function (","            options,","            onError","        ) {","        /*","         * this function will test buildLib's default handling-behavior","         */","            options = {};","            local.buildLib(options, onError);","        };","","        local.testCase_buildReadme_default = local.testCase_buildReadme_default || function (","            options,","            onError","        ) {","        /*","         * this function will test buildReadme's default handling-behavior-behavior","         */","            options = {};","            local.buildReadme(options, onError);","        };","","        local.testCase_buildTest_default = local.testCase_buildTest_default || function (","            options,","            onError","        ) {","        /*","         * this function will test buildTest's default handling-behavior","         */","            options = {};","            local.buildTest(options, onError);","        };","","        local.testCase_webpage_default = local.testCase_webpage_default || function (","            options,","            onError","        ) {","        /*","         * this function will test webpage's default handling-behavior","         */","            options = { modeCoverageMerge: true, url: local.serverLocalHost + '?modeTest=1' };","            local.browserTest(options, onError);","        };","","        // run test-server","        local.testRunServer(local);","        break;","    }","}());",""],"l":{"12":2,"14":2,"19":2,"21":2,"23":2,"24":2,"25":2,"30":1,"37":2,"40":2,"43":1,"47":1,"50":1,"52":1,"55":2,"61":2,"62":2,"64":2,"70":1,"76":1,"82":2,"83":2,"85":2,"92":1,"95":1,"102":1,"109":1,"110":1,"113":1,"120":1,"121":1,"122":1,"123":1,"124":1,"125":1,"128":1,"133":2,"134":2,"137":1,"144":2,"145":2,"148":1,"155":2,"156":2,"159":1,"166":2,"167":2,"170":1,"177":1,"178":1,"182":1,"183":1}},"/home/travis/build/npmtest/node-npmtest-webpack-merge/lib.npmtest_webpack_merge.js":{"path":"/home/travis/build/npmtest/node-npmtest-webpack-merge/lib.npmtest_webpack_merge.js","s":{"1":2,"2":2,"3":2,"4":2,"5":2,"6":2,"7":2,"8":1,"9":2,"10":2,"11":2,"12":2,"13":1,"14":1,"15":1,"16":1},"b":{"1":[2,1,1,1],"2":[1,1,1,1],"3":[1,1],"4":[2,2],"5":[1,1]},"f":{"1":2,"2":2,"3":2},"fnMap":{"1":{"name":"(anonymous_1)","line":12,"loc":{"start":{"line":12,"column":1},"end":{"line":12,"column":13}}},"2":{"name":"(anonymous_2)","line":19,"loc":{"start":{"line":19,"column":5},"end":{"line":19,"column":17}}},"3":{"name":"(anonymous_3)","line":23,"loc":{"start":{"line":23,"column":24},"end":{"line":23,"column":36}}}},"statementMap":{"1":{"start":{"line":12,"column":0},"end":{"line":53,"column":5}},"2":{"start":{"line":14,"column":4},"end":{"line":14,"column":14}},"3":{"start":{"line":19,"column":4},"end":{"line":52,"column":9}},"4":{"start":{"line":21,"column":8},"end":{"line":21,"column":19}},"5":{"start":{"line":23,"column":8},"end":{"line":35,"column":13}},"6":{"start":{"line":24,"column":12},"end":{"line":34,"column":13}},"7":{"start":{"line":25,"column":16},"end":{"line":28,"column":30}},"8":{"start":{"line":30,"column":16},"end":{"line":33,"column":27}},"9":{"start":{"line":37,"column":8},"end":{"line":39,"column":21}},"10":{"start":{"line":41,"column":8},"end":{"line":41,"column":54}},"11":{"start":{"line":43,"column":8},"end":{"line":43,"column":58}},"12":{"start":{"line":45,"column":8},"end":{"line":51,"column":9}},"13":{"start":{"line":46,"column":12},"end":{"line":46,"column":64}},"14":{"start":{"line":48,"column":12},"end":{"line":48,"column":35}},"15":{"start":{"line":49,"column":12},"end":{"line":49,"column":49}},"16":{"start":{"line":50,"column":12},"end":{"line":50,"column":43}}},"branchMap":{"1":{"line":25,"type":"binary-expr","locations":[{"start":{"line":25,"column":23},"end":{"line":25,"column":62}},{"start":{"line":26,"column":20},"end":{"line":26,"column":70}},{"start":{"line":27,"column":20},"end":{"line":27,"column":71}},{"start":{"line":28,"column":20},"end":{"line":28,"column":29}}]},"2":{"line":30,"type":"binary-expr","locations":[{"start":{"line":30,"column":23},"end":{"line":30,"column":37}},{"start":{"line":31,"column":20},"end":{"line":31,"column":61}},{"start":{"line":32,"column":20},"end":{"line":32,"column":70}},{"start":{"line":33,"column":20},"end":{"line":33,"column":26}}]},"3":{"line":37,"type":"cond-expr","locations":[{"start":{"line":38,"column":14},"end":{"line":38,"column":20}},{"start":{"line":39,"column":14},"end":{"line":39,"column":20}}]},"4":{"line":41,"type":"binary-expr","locations":[{"start":{"line":41,"column":16},"end":{"line":41,"column":44}},{"start":{"line":41,"column":48},"end":{"line":41,"column":53}}]},"5":{"line":45,"type":"if","locations":[{"start":{"line":45,"column":8},"end":{"line":45,"column":8}},{"start":{"line":45,"column":8},"end":{"line":45,"column":8}}]}},"code":["/* istanbul instrument in package npmtest_webpack_merge */","/*jslint","    bitwise: true,","    browser: true,","    maxerr: 8,","    maxlen: 96,","    node: true,","    nomen: true,","    regexp: true,","    stupid: true","*/","(function () {","    'use strict';","    var local;","","","","    // run shared js-env code - pre-init","    (function () {","        // init local","        local = {};","        // init modeJs","        local.modeJs = (function () {","            try {","                return typeof navigator.userAgent === 'string' &&","                    typeof document.querySelector('body') === 'object' &&","                    typeof XMLHttpRequest.prototype.open === 'function' &&","                    'browser';","            } catch (errorCaughtBrowser) {","                return module.exports &&","                    typeof process.versions.node === 'string' &&","                    typeof require('http').createServer === 'function' &&","                    'node';","            }","        }());","        // init global","        local.global = local.modeJs === 'browser'","            ? window","            : global;","        // init utility2_rollup","        local = local.global.utility2_rollup || local;","        // init lib","        local.local = local.npmtest_webpack_merge = local;","        // init exports","        if (local.modeJs === 'browser') {","            local.global.utility2_npmtest_webpack_merge = local;","        } else {","            module.exports = local;","            module.exports.__dirname = __dirname;","            module.exports.module = module;","        }","    }());","}());",""],"l":{"12":2,"14":2,"19":2,"21":2,"23":2,"24":2,"25":2,"30":1,"37":2,"41":2,"43":2,"45":2,"46":1,"48":1,"49":1,"50":1}},"/home/travis/build/npmtest/node-npmtest-webpack-merge/example.js":{"path":"/home/travis/build/npmtest/node-npmtest-webpack-merge/example.js","s":{"1":2,"2":2,"3":2,"4":2,"5":2,"6":2,"7":2,"8":1,"9":2,"10":2,"11":2,"12":2,"13":1,"14":2,"15":2,"16":2,"17":2,"18":2,"19":0,"20":2,"21":1,"22":1,"23":1,"24":1,"25":1,"26":0,"27":0,"28":1,"29":1,"30":2,"31":0,"32":0,"33":0,"34":1,"35":2,"36":2,"37":2,"38":2,"39":2,"40":2,"41":0,"42":2,"43":2,"44":2,"45":1,"46":3,"47":1,"48":1,"49":1,"50":1,"51":1,"52":1,"53":1,"54":1,"55":1,"56":1,"57":0,"58":1,"59":6,"60":6,"61":1,"62":2,"63":0,"64":2,"65":1,"66":1,"67":0,"68":0,"69":0,"70":0,"71":0,"72":0,"73":0,"74":0,"75":0,"76":0,"77":0,"78":0,"79":0,"80":0,"81":0,"82":0,"83":0},"b":{"1":[2,1,1,1],"2":[1,1,1,1],"3":[1,1],"4":[2,2],"5":[1,1],"6":[1,1],"7":[2,0],"8":[2,1,1,1,1,1],"9":[0,2,0],"10":[1,1],"11":[2,1,1],"12":[1,0],"13":[0,2],"14":[2,0,0,0,0,0,0],"15":[0,2],"16":[2,0],"17":[1,1],"18":[0,1],"19":[1,2,0,2],"20":[1,0],"21":[1,1],"22":[0,0],"23":[0,0],"24":[0,0],"25":[0,0],"26":[0,0],"27":[0,0],"28":[0,0]},"f":{"1":2,"2":2,"3":2,"4":2,"5":2,"6":2,"7":2,"8":2,"9":3,"10":1,"11":6,"12":0},"fnMap":{"1":{"name":"(anonymous_1)","line":26,"loc":{"start":{"line":26,"column":1},"end":{"line":26,"column":13}}},"2":{"name":"(anonymous_2)","line":33,"loc":{"start":{"line":33,"column":5},"end":{"line":33,"column":17}}},"3":{"name":"(anonymous_3)","line":37,"loc":{"start":{"line":37,"column":24},"end":{"line":37,"column":36}}},"4":{"name":"(anonymous_4)","line":69,"loc":{"start":{"line":69,"column":31},"end":{"line":69,"column":48}},"skip":true},"5":{"name":"(anonymous_5)","line":78,"loc":{"start":{"line":78,"column":26},"end":{"line":78,"column":45}},"skip":true},"6":{"name":"(anonymous_6)","line":123,"loc":{"start":{"line":123,"column":33},"end":{"line":123,"column":48}},"skip":true},"7":{"name":"(anonymous_7)","line":125,"loc":{"start":{"line":125,"column":27},"end":{"line":125,"column":39}},"skip":true},"8":{"name":"(anonymous_8)","line":133,"loc":{"start":{"line":133,"column":59},"end":{"line":133,"column":74}},"skip":true},"9":{"name":"(anonymous_9)","line":143,"loc":{"start":{"line":143,"column":45},"end":{"line":143,"column":62}},"skip":true},"10":{"name":"(anonymous_10)","line":144,"loc":{"start":{"line":144,"column":73},"end":{"line":144,"column":92}},"skip":true},"11":{"name":"(anonymous_11)","line":272,"loc":{"start":{"line":272,"column":51},"end":{"line":272,"column":77}},"skip":true},"12":{"name":"(anonymous_12)","line":314,"loc":{"start":{"line":314,"column":32},"end":{"line":314,"column":61}},"skip":true}},"statementMap":{"1":{"start":{"line":26,"column":0},"end":{"line":325,"column":5}},"2":{"start":{"line":28,"column":4},"end":{"line":28,"column":14}},"3":{"start":{"line":33,"column":4},"end":{"line":60,"column":9}},"4":{"start":{"line":35,"column":8},"end":{"line":35,"column":19}},"5":{"start":{"line":37,"column":8},"end":{"line":49,"column":13}},"6":{"start":{"line":38,"column":12},"end":{"line":48,"column":13}},"7":{"start":{"line":39,"column":16},"end":{"line":42,"column":30}},"8":{"start":{"line":44,"column":16},"end":{"line":47,"column":27}},"9":{"start":{"line":51,"column":8},"end":{"line":53,"column":21}},"10":{"start":{"line":55,"column":8},"end":{"line":57,"column":45}},"11":{"start":{"line":59,"column":8},"end":{"line":59,"column":35}},"12":{"start":{"line":61,"column":4},"end":{"line":324,"column":5}},"13":{"start":{"line":69,"column":8},"end":{"line":121,"column":10},"skip":true},"14":{"start":{"line":70,"column":12},"end":{"line":88,"column":13},"skip":true},"15":{"start":{"line":76,"column":16},"end":{"line":87,"column":19},"skip":true},"16":{"start":{"line":79,"column":20},"end":{"line":86,"column":21},"skip":true},"17":{"start":{"line":82,"column":24},"end":{"line":82,"column":43},"skip":true},"18":{"start":{"line":83,"column":24},"end":{"line":83,"column":30},"skip":true},"19":{"start":{"line":85,"column":24},"end":{"line":85,"column":49},"skip":true},"20":{"start":{"line":89,"column":12},"end":{"line":107,"column":13},"skip":true},"21":{"start":{"line":92,"column":16},"end":{"line":102,"column":17},"skip":true},"22":{"start":{"line":93,"column":20},"end":{"line":93,"column":86},"skip":true},"23":{"start":{"line":94,"column":20},"end":{"line":95,"column":45},"skip":true},"24":{"start":{"line":96,"column":20},"end":{"line":96,"column":42},"skip":true},"25":{"start":{"line":97,"column":20},"end":{"line":97,"column":48},"skip":true},"26":{"start":{"line":100,"column":20},"end":{"line":100,"column":85},"skip":true},"27":{"start":{"line":101,"column":20},"end":{"line":101,"column":96},"skip":true},"28":{"start":{"line":103,"column":16},"end":{"line":103,"column":22},"skip":true},"29":{"start":{"line":106,"column":16},"end":{"line":106,"column":22},"skip":true},"30":{"start":{"line":108,"column":12},"end":{"line":120,"column":13},"skip":true},"31":{"start":{"line":114,"column":16},"end":{"line":119,"column":17},"skip":true},"32":{"start":{"line":116,"column":20},"end":{"line":116,"column":78},"skip":true},"33":{"start":{"line":118,"column":20},"end":{"line":118,"column":53},"skip":true},"34":{"start":{"line":123,"column":8},"end":{"line":141,"column":11},"skip":true},"35":{"start":{"line":124,"column":12},"end":{"line":124,"column":54},"skip":true},"36":{"start":{"line":125,"column":12},"end":{"line":140,"column":14},"skip":true},"37":{"start":{"line":126,"column":16},"end":{"line":126,"column":28},"skip":true},"38":{"start":{"line":127,"column":16},"end":{"line":127,"column":69},"skip":true},"39":{"start":{"line":128,"column":16},"end":{"line":128,"column":75},"skip":true},"40":{"start":{"line":129,"column":16},"end":{"line":131,"column":17},"skip":true},"41":{"start":{"line":130,"column":20},"end":{"line":130,"column":27},"skip":true},"42":{"start":{"line":133,"column":16},"end":{"line":137,"column":36},"skip":true},"43":{"start":{"line":134,"column":20},"end":{"line":136,"column":55},"skip":true},"44":{"start":{"line":139,"column":16},"end":{"line":139,"column":57},"skip":true},"45":{"start":{"line":143,"column":8},"end":{"line":147,"column":11},"skip":true},"46":{"start":{"line":144,"column":12},"end":{"line":146,"column":15},"skip":true},"47":{"start":{"line":145,"column":16},"end":{"line":145,"column":70},"skip":true},"48":{"start":{"line":149,"column":8},"end":{"line":149,"column":31},"skip":true},"49":{"start":{"line":150,"column":8},"end":{"line":150,"column":14},"skip":true},"50":{"start":{"line":158,"column":8},"end":{"line":158,"column":31},"skip":true},"51":{"start":{"line":160,"column":8},"end":{"line":160,"column":33},"skip":true},"52":{"start":{"line":161,"column":8},"end":{"line":161,"column":37},"skip":true},"53":{"start":{"line":162,"column":8},"end":{"line":162,"column":35},"skip":true},"54":{"start":{"line":164,"column":8},"end":{"line":164,"column":50},"skip":true},"55":{"start":{"line":166,"column":8},"end":{"line":256,"column":2},"skip":true},"56":{"start":{"line":258,"column":8},"end":{"line":286,"column":9},"skip":true},"57":{"start":{"line":259,"column":12},"end":{"line":269,"column":14},"skip":true},"58":{"start":{"line":271,"column":12},"end":{"line":285,"column":19},"skip":true},"59":{"start":{"line":274,"column":20},"end":{"line":274,"column":35},"skip":true},"60":{"start":{"line":275,"column":20},"end":{"line":284,"column":21},"skip":true},"61":{"start":{"line":277,"column":24},"end":{"line":277,"column":64},"skip":true},"62":{"start":{"line":279,"column":24},"end":{"line":279,"column":40},"skip":true},"63":{"start":{"line":281,"column":24},"end":{"line":281,"column":40},"skip":true},"64":{"start":{"line":283,"column":24},"end":{"line":283,"column":39},"skip":true},"65":{"start":{"line":288,"column":8},"end":{"line":290,"column":9},"skip":true},"66":{"start":{"line":289,"column":12},"end":{"line":289,"column":18},"skip":true},"67":{"start":{"line":291,"column":8},"end":{"line":293,"column":54},"skip":true},"68":{"start":{"line":294,"column":8},"end":{"line":301,"column":37},"skip":true},"69":{"start":{"line":302,"column":8},"end":{"line":302,"column":82},"skip":true},"70":{"start":{"line":305,"column":8},"end":{"line":307,"column":9},"skip":true},"71":{"start":{"line":306,"column":12},"end":{"line":306,"column":82},"skip":true},"72":{"start":{"line":309,"column":8},"end":{"line":311,"column":9},"skip":true},"73":{"start":{"line":310,"column":12},"end":{"line":310,"column":18},"skip":true},"74":{"start":{"line":312,"column":8},"end":{"line":312,"column":54},"skip":true},"75":{"start":{"line":313,"column":8},"end":{"line":313,"column":69},"skip":true},"76":{"start":{"line":314,"column":8},"end":{"line":322,"column":36},"skip":true},"77":{"start":{"line":315,"column":12},"end":{"line":315,"column":61},"skip":true},"78":{"start":{"line":316,"column":12},"end":{"line":319,"column":13},"skip":true},"79":{"start":{"line":317,"column":16},"end":{"line":317,"column":75},"skip":true},"80":{"start":{"line":318,"column":16},"end":{"line":318,"column":23},"skip":true},"81":{"start":{"line":320,"column":12},"end":{"line":320,"column":38},"skip":true},"82":{"start":{"line":321,"column":12},"end":{"line":321,"column":27},"skip":true},"83":{"start":{"line":323,"column":8},"end":{"line":323,"column":14},"skip":true}},"branchMap":{"1":{"line":39,"type":"binary-expr","locations":[{"start":{"line":39,"column":23},"end":{"line":39,"column":62}},{"start":{"line":40,"column":20},"end":{"line":40,"column":70}},{"start":{"line":41,"column":20},"end":{"line":41,"column":71}},{"start":{"line":42,"column":20},"end":{"line":42,"column":29}}]},"2":{"line":44,"type":"binary-expr","locations":[{"start":{"line":44,"column":23},"end":{"line":44,"column":37}},{"start":{"line":45,"column":20},"end":{"line":45,"column":61}},{"start":{"line":46,"column":20},"end":{"line":46,"column":70}},{"start":{"line":47,"column":20},"end":{"line":47,"column":26}}]},"3":{"line":51,"type":"cond-expr","locations":[{"start":{"line":52,"column":14},"end":{"line":52,"column":20}},{"start":{"line":53,"column":14},"end":{"line":53,"column":20}}]},"4":{"line":55,"type":"binary-expr","locations":[{"start":{"line":55,"column":16},"end":{"line":55,"column":44}},{"start":{"line":55,"column":49},"end":{"line":57,"column":43}}]},"5":{"line":55,"type":"cond-expr","locations":[{"start":{"line":56,"column":14},"end":{"line":56,"column":57}},{"start":{"line":57,"column":14},"end":{"line":57,"column":43}}]},"6":{"line":61,"type":"switch","locations":[{"start":{"line":68,"column":4},"end":{"line":150,"column":14},"skip":true},{"start":{"line":156,"column":4},"end":{"line":323,"column":14},"skip":true}]},"7":{"line":70,"type":"if","locations":[{"start":{"line":70,"column":12},"end":{"line":70,"column":12},"skip":true},{"start":{"line":70,"column":12},"end":{"line":70,"column":12},"skip":true}]},"8":{"line":70,"type":"binary-expr","locations":[{"start":{"line":70,"column":16},"end":{"line":70,"column":22},"skip":true},{"start":{"line":70,"column":27},"end":{"line":70,"column":32},"skip":true},{"start":{"line":71,"column":20},"end":{"line":71,"column":39},"skip":true},{"start":{"line":72,"column":20},"end":{"line":72,"column":49},"skip":true},{"start":{"line":73,"column":20},"end":{"line":73,"column":58},"skip":true},{"start":{"line":74,"column":20},"end":{"line":74,"column":69},"skip":true}]},"9":{"line":79,"type":"switch","locations":[{"start":{"line":80,"column":20},"end":{"line":80,"column":33},"skip":true},{"start":{"line":81,"column":20},"end":{"line":83,"column":30},"skip":true},{"start":{"line":84,"column":20},"end":{"line":85,"column":49},"skip":true}]},"10":{"line":89,"type":"switch","locations":[{"start":{"line":90,"column":12},"end":{"line":103,"column":22},"skip":true},{"start":{"line":105,"column":12},"end":{"line":106,"column":22},"skip":true}]},"11":{"line":89,"type":"binary-expr","locations":[{"start":{"line":89,"column":20},"end":{"line":89,"column":25},"skip":true},{"start":{"line":89,"column":29},"end":{"line":89,"column":48},"skip":true},{"start":{"line":89,"column":52},"end":{"line":89,"column":74},"skip":true}]},"12":{"line":92,"type":"if","locations":[{"start":{"line":92,"column":16},"end":{"line":92,"column":16},"skip":true},{"start":{"line":92,"column":16},"end":{"line":92,"column":16},"skip":true}]},"13":{"line":108,"type":"if","locations":[{"start":{"line":108,"column":12},"end":{"line":108,"column":12},"skip":true},{"start":{"line":108,"column":12},"end":{"line":108,"column":12},"skip":true}]},"14":{"line":108,"type":"binary-expr","locations":[{"start":{"line":108,"column":16},"end":{"line":108,"column":61},"skip":true},{"start":{"line":108,"column":66},"end":{"line":108,"column":72},"skip":true},{"start":{"line":108,"column":77},"end":{"line":108,"column":82},"skip":true},{"start":{"line":109,"column":20},"end":{"line":109,"column":39},"skip":true},{"start":{"line":110,"column":20},"end":{"line":110,"column":49},"skip":true},{"start":{"line":111,"column":20},"end":{"line":111,"column":58},"skip":true},{"start":{"line":112,"column":20},"end":{"line":112,"column":68},"skip":true}]},"15":{"line":129,"type":"if","locations":[{"start":{"line":129,"column":16},"end":{"line":129,"column":16},"skip":true},{"start":{"line":129,"column":16},"end":{"line":129,"column":16},"skip":true}]},"16":{"line":134,"type":"cond-expr","locations":[{"start":{"line":135,"column":26},"end":{"line":135,"column":29},"skip":true},{"start":{"line":136,"column":26},"end":{"line":136,"column":54},"skip":true}]},"17":{"line":164,"type":"binary-expr","locations":[{"start":{"line":164,"column":27},"end":{"line":164,"column":43},"skip":true},{"start":{"line":164,"column":47},"end":{"line":164,"column":49},"skip":true}]},"18":{"line":258,"type":"if","locations":[{"start":{"line":258,"column":8},"end":{"line":258,"column":8},"skip":true},{"start":{"line":258,"column":8},"end":{"line":258,"column":8},"skip":true}]},"19":{"line":275,"type":"switch","locations":[{"start":{"line":276,"column":20},"end":{"line":277,"column":64},"skip":true},{"start":{"line":278,"column":20},"end":{"line":279,"column":40},"skip":true},{"start":{"line":280,"column":20},"end":{"line":281,"column":40},"skip":true},{"start":{"line":282,"column":20},"end":{"line":283,"column":39},"skip":true}]},"20":{"line":288,"type":"if","locations":[{"start":{"line":288,"column":8},"end":{"line":288,"column":8},"skip":true},{"start":{"line":288,"column":8},"end":{"line":288,"column":8},"skip":true}]},"21":{"line":288,"type":"binary-expr","locations":[{"start":{"line":288,"column":12},"end":{"line":288,"column":40},"skip":true},{"start":{"line":288,"column":44},"end":{"line":288,"column":67},"skip":true}]},"22":{"line":292,"type":"binary-expr","locations":[{"start":{"line":292,"column":12},"end":{"line":292,"column":50},"skip":true},{"start":{"line":293,"column":12},"end":{"line":293,"column":53},"skip":true}]},"23":{"line":295,"type":"binary-expr","locations":[{"start":{"line":295,"column":12},"end":{"line":295,"column":71},"skip":true},{"start":{"line":296,"column":12},"end":{"line":301,"column":36},"skip":true}]},"24":{"line":302,"type":"binary-expr","locations":[{"start":{"line":302,"column":43},"end":{"line":302,"column":75},"skip":true},{"start":{"line":302,"column":79},"end":{"line":302,"column":81},"skip":true}]},"25":{"line":305,"type":"if","locations":[{"start":{"line":305,"column":8},"end":{"line":305,"column":8},"skip":true},{"start":{"line":305,"column":8},"end":{"line":305,"column":8},"skip":true}]},"26":{"line":309,"type":"if","locations":[{"start":{"line":309,"column":8},"end":{"line":309,"column":8},"skip":true},{"start":{"line":309,"column":8},"end":{"line":309,"column":8},"skip":true}]},"27":{"line":312,"type":"binary-expr","locations":[{"start":{"line":312,"column":27},"end":{"line":312,"column":43},"skip":true},{"start":{"line":312,"column":47},"end":{"line":312,"column":53},"skip":true}]},"28":{"line":316,"type":"if","locations":[{"start":{"line":316,"column":12},"end":{"line":316,"column":12},"skip":true},{"start":{"line":316,"column":12},"end":{"line":316,"column":12},"skip":true}]}},"code":["/*","example.js","","quickstart example","","instruction","    1. save this script as example.js","    2. run the shell command:","        $ npm install npmtest-webpack-merge && PORT=8081 node example.js","    3. play with the browser-demo on http://127.0.0.1:8081","*/","","","","/* istanbul instrument in package npmtest_webpack_merge */","/*jslint","    bitwise: true,","    browser: true,","    maxerr: 8,","    maxlen: 96,","    node: true,","    nomen: true,","    regexp: true,","    stupid: true","*/","(function () {","    'use strict';","    var local;","","","","    // run shared js-env code - pre-init","    (function () {","        // init local","        local = {};","        // init modeJs","        local.modeJs = (function () {","            try {","                return typeof navigator.userAgent === 'string' &&","                    typeof document.querySelector('body') === 'object' &&","                    typeof XMLHttpRequest.prototype.open === 'function' &&","                    'browser';","            } catch (errorCaughtBrowser) {","                return module.exports &&","                    typeof process.versions.node === 'string' &&","                    typeof require('http').createServer === 'function' &&","                    'node';","            }","        }());","        // init global","        local.global = local.modeJs === 'browser'","            ? window","            : global;","        // init utility2_rollup","        local = local.global.utility2_rollup || (local.modeJs === 'browser'","            ? local.global.utility2_npmtest_webpack_merge","            : global.utility2_moduleExports);","        // export local","        local.global.local = local;","    }());","    switch (local.modeJs) {","","","","    // post-init","    // run browser js-env code - post-init","    /* istanbul ignore next */","    case 'browser':","        local.testRunBrowser = function (event) {","            if (!event || (event &&","                    event.currentTarget &&","                    event.currentTarget.className &&","                    event.currentTarget.className.includes &&","                    event.currentTarget.className.includes('onreset'))) {","                // reset output","                Array.from(","                    document.querySelectorAll('body > .resettable')","                ).forEach(function (element) {","                    switch (element.tagName) {","                    case 'INPUT':","                    case 'TEXTAREA':","                        element.value = '';","                        break;","                    default:","                        element.textContent = '';","                    }","                });","            }","            switch (event && event.currentTarget && event.currentTarget.id) {","            case 'testRunButton1':","                // show tests","                if (document.querySelector('#testReportDiv1').style.display === 'none') {","                    document.querySelector('#testReportDiv1').style.display = 'block';","                    document.querySelector('#testRunButton1').textContent =","                        'hide internal test';","                    local.modeTest = true;","                    local.testRunDefault(local);","                // hide tests","                } else {","                    document.querySelector('#testReportDiv1').style.display = 'none';","                    document.querySelector('#testRunButton1').textContent = 'run internal test';","                }","                break;","            // custom-case","            default:","                break;","            }","            if (document.querySelector('#inputTextareaEval1') && (!event || (event &&","                    event.currentTarget &&","                    event.currentTarget.className &&","                    event.currentTarget.className.includes &&","                    event.currentTarget.className.includes('oneval')))) {","                // try to eval input-code","                try {","                    /*jslint evil: true*/","                    eval(document.querySelector('#inputTextareaEval1').value);","                } catch (errorCaught) {","                    console.error(errorCaught.stack);","                }","            }","        };","        // log stderr and stdout to #outputTextareaStdout1","        ['error', 'log'].forEach(function (key) {","            console[key + '_original'] = console[key];","            console[key] = function () {","                var element;","                console[key + '_original'].apply(console, arguments);","                element = document.querySelector('#outputTextareaStdout1');","                if (!element) {","                    return;","                }","                // append text to #outputTextareaStdout1","                element.value += Array.from(arguments).map(function (arg) {","                    return typeof arg === 'string'","                        ? arg","                        : JSON.stringify(arg, null, 4);","                }).join(' ') + '\\n';","                // scroll textarea to bottom","                element.scrollTop = element.scrollHeight;","            };","        });","        // init event-handling","        ['change', 'click', 'keyup'].forEach(function (event) {","            Array.from(document.querySelectorAll('.on' + event)).forEach(function (element) {","                element.addEventListener(event, local.testRunBrowser);","            });","        });","        // run tests","        local.testRunBrowser();","        break;","","","","    // run node js-env code - post-init","    /* istanbul ignore next */","    case 'node':","        // export local","        module.exports = local;","        // require modules","        local.fs = require('fs');","        local.http = require('http');","        local.url = require('url');","        // init assets","        local.assetsDict = local.assetsDict || {};","        /* jslint-ignore-begin */","        local.assetsDict['/assets.index.template.html'] = '\\","<!doctype html>\\n\\","<html lang=\"en\">\\n\\","<head>\\n\\","<meta charset=\"UTF-8\">\\n\\","<meta name=\"viewport\" content=\"width=device-width, initial-scale=1\">\\n\\","<title>{{env.npm_package_name}} (v{{env.npm_package_version}})</title>\\n\\","<style>\\n\\","/*csslint\\n\\","    box-sizing: false,\\n\\","    universal-selector: false\\n\\","*/\\n\\","* {\\n\\","    box-sizing: border-box;\\n\\","}\\n\\","body {\\n\\","    background: #dde;\\n\\","    font-family: Arial, Helvetica, sans-serif;\\n\\","    margin: 2rem;\\n\\","}\\n\\","body > * {\\n\\","    margin-bottom: 1rem;\\n\\","}\\n\\",".utility2FooterDiv {\\n\\","    margin-top: 20px;\\n\\","    text-align: center;\\n\\","}\\n\\","</style>\\n\\","<style>\\n\\","/*csslint\\n\\","*/\\n\\","textarea {\\n\\","    font-family: monospace;\\n\\","    height: 10rem;\\n\\","    width: 100%;\\n\\","}\\n\\","textarea[readonly] {\\n\\","    background: #ddd;\\n\\","}\\n\\","</style>\\n\\","</head>\\n\\","<body>\\n\\","<!-- utility2-comment\\n\\","<div id=\"ajaxProgressDiv1\" style=\"background: #d00; height: 2px; left: 0; margin: 0; padding: 0; position: fixed; top: 0; transition: background 0.5s, width 1.5s; width: 25%;\"></div>\\n\\","utility2-comment -->\\n\\","<h1>\\n\\","<!-- utility2-comment\\n\\","    <a\\n\\","        {{#if env.npm_package_homepage}}\\n\\","        href=\"{{env.npm_package_homepage}}\"\\n\\","        {{/if env.npm_package_homepage}}\\n\\","        target=\"_blank\"\\n\\","    >\\n\\","utility2-comment -->\\n\\","        {{env.npm_package_name}} (v{{env.npm_package_version}})\\n\\","<!-- utility2-comment\\n\\","    </a>\\n\\","utility2-comment -->\\n\\","</h1>\\n\\","<h3>{{env.npm_package_description}}</h3>\\n\\","<!-- utility2-comment\\n\\","<h4><a download href=\"assets.app.js\">download standalone app</a></h4>\\n\\","<button class=\"onclick onreset\" id=\"testRunButton1\">run internal test</button><br>\\n\\","<div id=\"testReportDiv1\" style=\"display: none;\"></div>\\n\\","utility2-comment -->\\n\\","\\n\\","\\n\\","\\n\\","<label>stderr and stdout</label>\\n\\","<textarea class=\"resettable\" id=\"outputTextareaStdout1\" readonly></textarea>\\n\\","<!-- utility2-comment\\n\\","{{#if isRollup}}\\n\\","<script src=\"assets.app.js\"></script>\\n\\","{{#unless isRollup}}\\n\\","utility2-comment -->\\n\\","<script src=\"assets.utility2.rollup.js\"></script>\\n\\","<script src=\"jsonp.utility2._stateInit?callback=window.utility2._stateInit\"></script>\\n\\","<script src=\"assets.npmtest_webpack_merge.rollup.js\"></script>\\n\\","<script src=\"assets.example.js\"></script>\\n\\","<script src=\"assets.test.js\"></script>\\n\\","<!-- utility2-comment\\n\\","{{/if isRollup}}\\n\\","utility2-comment -->\\n\\","<div class=\"utility2FooterDiv\">\\n\\","    [ this app was created with\\n\\","    <a href=\"https://github.com/kaizhu256/node-utility2\" target=\"_blank\">utility2</a>\\n\\","    ]\\n\\","</div>\\n\\","</body>\\n\\","</html>\\n\\","';","        /* jslint-ignore-end */","        if (local.templateRender) {","            local.assetsDict['/'] = local.templateRender(","                local.assetsDict['/assets.index.template.html'],","                {","                    env: local.objectSetDefault(local.env, {","                        npm_package_description: 'the greatest app in the world!',","                        npm_package_name: 'my-app',","                        npm_package_nameAlias: 'my_app',","                        npm_package_version: '0.0.1'","                    })","                }","            );","        } else {","            local.assetsDict['/'] = local.assetsDict['/assets.index.template.html']","                .replace((/\\{\\{env\\.(\\w+?)\\}\\}/g), function (match0, match1) {","                    // jslint-hack","                    String(match0);","                    switch (match1) {","                    case 'npm_package_description':","                        return 'the greatest app in the world!';","                    case 'npm_package_name':","                        return 'my-app';","                    case 'npm_package_nameAlias':","                        return 'my_app';","                    case 'npm_package_version':","                        return '0.0.1';","                    }","                });","        }","        // run the cli","        if (local.global.utility2_rollup || module !== require.main) {","            break;","        }","        local.assetsDict['/assets.example.js'] =","            local.assetsDict['/assets.example.js'] ||","            local.fs.readFileSync(__filename, 'utf8');","        local.assetsDict['/assets.npmtest_webpack_merge.rollup.js'] =","            local.assetsDict['/assets.npmtest_webpack_merge.rollup.js'] ||","            local.fs.readFileSync(","                // buildCustomOrg-hack","                local.npmtest_webpack_merge.__dirname +","                    '/lib.npmtest_webpack_merge.js',","                'utf8'","            ).replace((/^#!/), '//');","        local.assetsDict['/favicon.ico'] = local.assetsDict['/favicon.ico'] || '';","        // if $npm_config_timeout_exit exists,","        // then exit this process after $npm_config_timeout_exit ms","        if (Number(process.env.npm_config_timeout_exit)) {","            setTimeout(process.exit, Number(process.env.npm_config_timeout_exit));","        }","        // start server","        if (local.global.utility2_serverHttp1) {","            break;","        }","        process.env.PORT = process.env.PORT || '8081';","        console.error('server starting on port ' + process.env.PORT);","        local.http.createServer(function (request, response) {","            request.urlParsed = local.url.parse(request.url);","            if (local.assetsDict[request.urlParsed.pathname] !== undefined) {","                response.end(local.assetsDict[request.urlParsed.pathname]);","                return;","            }","            response.statusCode = 404;","            response.end();","        }).listen(process.env.PORT);","        break;","    }","}());",""],"l":{"26":2,"28":2,"33":2,"35":2,"37":2,"38":2,"39":2,"44":1,"51":2,"55":2,"59":2,"61":2,"69":1,"70":2,"76":2,"79":2,"82":2,"83":2,"85":1,"89":2,"92":1,"93":1,"94":1,"96":1,"97":1,"100":1,"101":1,"103":1,"106":1,"108":2,"114":1,"116":1,"118":1,"123":1,"124":2,"125":2,"126":2,"127":2,"128":2,"129":2,"130":1,"133":2,"134":2,"139":2,"143":1,"144":3,"145":1,"149":1,"150":1,"158":1,"160":1,"161":1,"162":1,"164":1,"166":1,"258":1,"259":1,"271":1,"274":6,"275":6,"277":1,"279":2,"281":1,"283":2,"288":1,"289":1,"291":1,"294":1,"302":1,"305":1,"306":1,"309":1,"310":1,"312":1,"313":1,"314":1,"315":1,"316":1,"317":1,"318":1,"320":1,"321":1,"323":1}},"/home/travis/build/npmtest/node-npmtest-webpack-merge/webpack-merge/lib/index.js":{"path":"/home/travis/build/npmtest/node-npmtest-webpack-merge/webpack-merge/lib/index.js","s":{"1":1,"2":1,"3":1,"4":1,"5":1,"6":1,"7":1,"8":1,"9":1,"10":1,"11":1,"12":1,"13":1,"14":1,"15":6,"16":1,"17":0,"18":0,"19":0,"20":0,"21":0,"22":1,"23":1,"24":1,"25":1,"26":1,"27":0,"28":1,"29":1,"30":0,"31":0,"32":0,"33":0,"34":0,"35":0,"36":0,"37":1,"38":0,"39":0,"40":0,"41":1,"42":0,"43":0,"44":0,"45":1,"46":0,"47":0,"48":1,"49":0,"50":0,"51":0,"52":0,"53":0,"54":0,"55":0,"56":0,"57":0,"58":0,"59":1,"60":0,"61":0,"62":0,"63":0,"64":0,"65":1,"66":0,"67":0,"68":0,"69":0,"70":0,"71":1,"72":0,"73":1,"74":1,"75":1,"76":1,"77":1,"78":1},"b":{"1":[2,4],"2":[6,6],"3":[0,0],"4":[1,0],"5":[0,1],"6":[1,0],"7":[1,0],"8":[0,0],"9":[0,0],"10":[0,0],"11":[0,0],"12":[0,0],"13":[0,0],"14":[0,0],"15":[0,0,0],"16":[0,0,0],"17":[0,0,0]},"f":{"1":6,"2":0,"3":1,"4":0,"5":0,"6":0,"7":0,"8":0,"9":0,"10":0,"11":0,"12":0,"13":0,"14":0,"15":0},"fnMap":{"1":{"name":"_interopRequireDefault","line":29,"loc":{"start":{"line":29,"column":0},"end":{"line":29,"column":37}}},"2":{"name":"_toConsumableArray","line":31,"loc":{"start":{"line":31,"column":0},"end":{"line":31,"column":33}}},"3":{"name":"merge","line":33,"loc":{"start":{"line":33,"column":0},"end":{"line":33,"column":17}}},"4":{"name":"(anonymous_4)","line":48,"loc":{"start":{"line":48,"column":13},"end":{"line":48,"column":25}}},"5":{"name":"customizeArray","line":68,"loc":{"start":{"line":68,"column":18},"end":{"line":68,"column":53}}},"6":{"name":"mergeMultiple","line":77,"loc":{"start":{"line":77,"column":20},"end":{"line":77,"column":45}}},"7":{"name":"mergeStrategy","line":87,"loc":{"start":{"line":87,"column":20},"end":{"line":87,"column":45}}},"8":{"name":"mergeSmartStrategy","line":94,"loc":{"start":{"line":94,"column":25},"end":{"line":94,"column":55}}},"9":{"name":"customizeArray","line":97,"loc":{"start":{"line":97,"column":20},"end":{"line":97,"column":55}}},"10":{"name":"(anonymous_10)","line":103,"loc":{"start":{"line":103,"column":84},"end":{"line":103,"column":113}}},"11":{"name":"_customizeArray","line":120,"loc":{"start":{"line":120,"column":0},"end":{"line":120,"column":32}}},"12":{"name":"(anonymous_12)","line":121,"loc":{"start":{"line":121,"column":9},"end":{"line":121,"column":30}}},"13":{"name":"customizeObject","line":134,"loc":{"start":{"line":134,"column":0},"end":{"line":134,"column":32}}},"14":{"name":"(anonymous_14)","line":135,"loc":{"start":{"line":135,"column":9},"end":{"line":135,"column":30}}},"15":{"name":"isRule","line":148,"loc":{"start":{"line":148,"column":0},"end":{"line":148,"column":21}}}},"statementMap":{"1":{"start":{"line":3,"column":0},"end":{"line":3,"column":40}},"2":{"start":{"line":5,"column":0},"end":{"line":5,"column":48}},"3":{"start":{"line":7,"column":0},"end":{"line":7,"column":46}},"4":{"start":{"line":9,"column":0},"end":{"line":9,"column":54}},"5":{"start":{"line":11,"column":0},"end":{"line":11,"column":46}},"6":{"start":{"line":13,"column":0},"end":{"line":13,"column":54}},"7":{"start":{"line":15,"column":0},"end":{"line":15,"column":56}},"8":{"start":{"line":17,"column":0},"end":{"line":17,"column":64}},"9":{"start":{"line":19,"column":0},"end":{"line":19,"column":43}},"10":{"start":{"line":21,"column":0},"end":{"line":21,"column":55}},"11":{"start":{"line":23,"column":0},"end":{"line":23,"column":54}},"12":{"start":{"line":25,"column":0},"end":{"line":25,"column":34}},"13":{"start":{"line":27,"column":0},"end":{"line":27,"column":47}},"14":{"start":{"line":29,"column":0},"end":{"line":29,"column":95}},"15":{"start":{"line":29,"column":39},"end":{"line":29,"column":93}},"16":{"start":{"line":31,"column":0},"end":{"line":31,"column":195}},"17":{"start":{"line":31,"column":35},"end":{"line":31,"column":193}},"18":{"start":{"line":31,"column":61},"end":{"line":31,"column":145}},"19":{"start":{"line":31,"column":126},"end":{"line":31,"column":143}},"20":{"start":{"line":31,"column":146},"end":{"line":31,"column":158}},"21":{"start":{"line":31,"column":168},"end":{"line":31,"column":191}},"22":{"start":{"line":33,"column":0},"end":{"line":65,"column":1}},"23":{"start":{"line":34,"column":2},"end":{"line":36,"column":3}},"24":{"start":{"line":35,"column":4},"end":{"line":35,"column":36}},"25":{"start":{"line":42,"column":2},"end":{"line":62,"column":3}},"26":{"start":{"line":43,"column":4},"end":{"line":45,"column":5}},"27":{"start":{"line":44,"column":6},"end":{"line":44,"column":136}},"28":{"start":{"line":47,"column":4},"end":{"line":59,"column":5}},"29":{"start":{"line":48,"column":6},"end":{"line":58,"column":8}},"30":{"start":{"line":49,"column":8},"end":{"line":51,"column":9}},"31":{"start":{"line":50,"column":10},"end":{"line":50,"column":47}},"32":{"start":{"line":53,"column":8},"end":{"line":55,"column":9}},"33":{"start":{"line":54,"column":10},"end":{"line":54,"column":143}},"34":{"start":{"line":57,"column":8},"end":{"line":57,"column":118}},"35":{"start":{"line":61,"column":4},"end":{"line":61,"column":22}},"36":{"start":{"line":64,"column":2},"end":{"line":64,"column":99}},"37":{"start":{"line":67,"column":0},"end":{"line":75,"column":3}},"38":{"start":{"line":69,"column":4},"end":{"line":71,"column":5}},"39":{"start":{"line":70,"column":6},"end":{"line":70,"column":93}},"40":{"start":{"line":73,"column":4},"end":{"line":73,"column":16}},"41":{"start":{"line":77,"column":0},"end":{"line":83,"column":2}},"42":{"start":{"line":78,"column":2},"end":{"line":80,"column":3}},"43":{"start":{"line":79,"column":4},"end":{"line":79,"column":38}},"44":{"start":{"line":82,"column":2},"end":{"line":82,"column":47}},"45":{"start":{"line":87,"column":0},"end":{"line":93,"column":2}},"46":{"start":{"line":88,"column":2},"end":{"line":88,"column":85}},"47":{"start":{"line":89,"column":2},"end":{"line":92,"column":5}},"48":{"start":{"line":94,"column":0},"end":{"line":118,"column":2}},"49":{"start":{"line":95,"column":2},"end":{"line":95,"column":85}},"50":{"start":{"line":96,"column":2},"end":{"line":117,"column":5}},"51":{"start":{"line":98,"column":6},"end":{"line":98,"column":47}},"52":{"start":{"line":100,"column":6},"end":{"line":112,"column":7}},"53":{"start":{"line":101,"column":8},"end":{"line":111,"column":9}},"54":{"start":{"line":103,"column":12},"end":{"line":105,"column":40}},"55":{"start":{"line":104,"column":14},"end":{"line":104,"column":96}},"56":{"start":{"line":107,"column":12},"end":{"line":107,"column":21}},"57":{"start":{"line":110,"column":12},"end":{"line":110,"column":102}},"58":{"start":{"line":114,"column":6},"end":{"line":114,"column":47}},"59":{"start":{"line":120,"column":0},"end":{"line":132,"column":1}},"60":{"start":{"line":121,"column":2},"end":{"line":131,"column":4}},"61":{"start":{"line":122,"column":4},"end":{"line":130,"column":5}},"62":{"start":{"line":124,"column":8},"end":{"line":124,"column":71}},"63":{"start":{"line":126,"column":8},"end":{"line":126,"column":17}},"64":{"start":{"line":129,"column":8},"end":{"line":129,"column":21}},"65":{"start":{"line":134,"column":0},"end":{"line":146,"column":1}},"66":{"start":{"line":135,"column":2},"end":{"line":145,"column":4}},"67":{"start":{"line":136,"column":4},"end":{"line":144,"column":5}},"68":{"start":{"line":138,"column":8},"end":{"line":138,"column":79}},"69":{"start":{"line":140,"column":8},"end":{"line":140,"column":17}},"70":{"start":{"line":143,"column":8},"end":{"line":143,"column":21}},"71":{"start":{"line":148,"column":0},"end":{"line":150,"column":1}},"72":{"start":{"line":149,"column":2},"end":{"line":149,"column":77}},"73":{"start":{"line":152,"column":0},"end":{"line":152,"column":23}},"74":{"start":{"line":153,"column":0},"end":{"line":153,"column":40}},"75":{"start":{"line":154,"column":0},"end":{"line":154,"column":34}},"76":{"start":{"line":155,"column":0},"end":{"line":155,"column":40}},"77":{"start":{"line":156,"column":0},"end":{"line":156,"column":50}},"78":{"start":{"line":157,"column":0},"end":{"line":157,"column":41}}},"branchMap":{"1":{"line":29,"type":"cond-expr","locations":[{"start":{"line":29,"column":70},"end":{"line":29,"column":73}},{"start":{"line":29,"column":76},"end":{"line":29,"column":92}}]},"2":{"line":29,"type":"binary-expr","locations":[{"start":{"line":29,"column":46},"end":{"line":29,"column":49}},{"start":{"line":29,"column":53},"end":{"line":29,"column":67}}]},"3":{"line":31,"type":"if","locations":[{"start":{"line":31,"column":35},"end":{"line":31,"column":35}},{"start":{"line":31,"column":35},"end":{"line":31,"column":35}}]},"4":{"line":42,"type":"if","locations":[{"start":{"line":42,"column":2},"end":{"line":42,"column":2}},{"start":{"line":42,"column":2},"end":{"line":42,"column":2}}]},"5":{"line":43,"type":"if","locations":[{"start":{"line":43,"column":4},"end":{"line":43,"column":4}},{"start":{"line":43,"column":4},"end":{"line":43,"column":4}}]},"6":{"line":47,"type":"if","locations":[{"start":{"line":47,"column":4},"end":{"line":47,"column":4}},{"start":{"line":47,"column":4},"end":{"line":47,"column":4}}]},"7":{"line":47,"type":"binary-expr","locations":[{"start":{"line":47,"column":8},"end":{"line":47,"column":33}},{"start":{"line":47,"column":37},"end":{"line":47,"column":63}}]},"8":{"line":53,"type":"if","locations":[{"start":{"line":53,"column":8},"end":{"line":53,"column":8}},{"start":{"line":53,"column":8},"end":{"line":53,"column":8}}]},"9":{"line":69,"type":"if","locations":[{"start":{"line":69,"column":4},"end":{"line":69,"column":4}},{"start":{"line":69,"column":4},"end":{"line":69,"column":4}}]},"10":{"line":88,"type":"cond-expr","locations":[{"start":{"line":88,"column":67},"end":{"line":88,"column":79}},{"start":{"line":88,"column":82},"end":{"line":88,"column":84}}]},"11":{"line":88,"type":"binary-expr","locations":[{"start":{"line":88,"column":14},"end":{"line":88,"column":34}},{"start":{"line":88,"column":38},"end":{"line":88,"column":64}}]},"12":{"line":95,"type":"cond-expr","locations":[{"start":{"line":95,"column":67},"end":{"line":95,"column":79}},{"start":{"line":95,"column":82},"end":{"line":95,"column":84}}]},"13":{"line":95,"type":"binary-expr","locations":[{"start":{"line":95,"column":14},"end":{"line":95,"column":34}},{"start":{"line":95,"column":38},"end":{"line":95,"column":64}}]},"14":{"line":100,"type":"if","locations":[{"start":{"line":100,"column":6},"end":{"line":100,"column":6}},{"start":{"line":100,"column":6},"end":{"line":100,"column":6}}]},"15":{"line":101,"type":"switch","locations":[{"start":{"line":102,"column":10},"end":{"line":105,"column":40}},{"start":{"line":106,"column":10},"end":{"line":107,"column":21}},{"start":{"line":108,"column":10},"end":{"line":110,"column":102}}]},"16":{"line":122,"type":"switch","locations":[{"start":{"line":123,"column":6},"end":{"line":124,"column":71}},{"start":{"line":125,"column":6},"end":{"line":126,"column":17}},{"start":{"line":127,"column":6},"end":{"line":129,"column":21}}]},"17":{"line":136,"type":"switch","locations":[{"start":{"line":137,"column":6},"end":{"line":138,"column":79}},{"start":{"line":139,"column":6},"end":{"line":140,"column":17}},{"start":{"line":141,"column":6},"end":{"line":143,"column":21}}]}},"code":["'use strict';","","var _values2 = require('lodash/values');","","var _values3 = _interopRequireDefault(_values2);","","var _unionWith2 = require('lodash/unionWith');","","var _unionWith3 = _interopRequireDefault(_unionWith2);","","var _mergeWith2 = require('lodash/mergeWith');","","var _mergeWith3 = _interopRequireDefault(_mergeWith2);","","var _differenceWith2 = require('lodash/differenceWith');","","var _differenceWith3 = _interopRequireDefault(_differenceWith2);","","var _joinArrays = require('./join-arrays');","","var _joinArrays2 = _interopRequireDefault(_joinArrays);","","var _joinArraysSmart = require('./join-arrays-smart');","","var _unique = require('./unique');","","var _unique2 = _interopRequireDefault(_unique);","","function _interopRequireDefault(obj) { return obj && obj.__esModule ? obj : { default: obj }; }","","function _toConsumableArray(arr) { if (Array.isArray(arr)) { for (var i = 0, arr2 = Array(arr.length); i < arr.length; i++) { arr2[i] = arr[i]; } return arr2; } else { return Array.from(arr); } }","","function merge() {","  for (var _len = arguments.length, sources = Array(_len), _key = 0; _key < _len; _key++) {","    sources[_key] = arguments[_key];","  }","","  // This supports","  // merge([<object>] | ...<object>)","  // merge({ customizeArray: <fn>, customizeObject: <fn>})([<object>] | ...<object>)","  // where fn = (a, b, key)","  if (sources.length === 1) {","    if (Array.isArray(sources[0])) {","      return _mergeWith3.default.apply(undefined, [{}].concat(_toConsumableArray(sources[0]), [(0, _joinArrays2.default)(sources[0])]));","    }","","    if (sources[0].customizeArray || sources[0].customizeObject) {","      return function () {","        for (var _len2 = arguments.length, structures = Array(_len2), _key2 = 0; _key2 < _len2; _key2++) {","          structures[_key2] = arguments[_key2];","        }","","        if (Array.isArray(structures[0])) {","          return _mergeWith3.default.apply(undefined, [{}].concat(_toConsumableArray(structures[0]), [(0, _joinArrays2.default)(sources[0])]));","        }","","        return _mergeWith3.default.apply(undefined, [{}].concat(structures, [(0, _joinArrays2.default)(sources[0])]));","      };","    }","","    return sources[0];","  }","","  return _mergeWith3.default.apply(undefined, [{}].concat(sources, [(0, _joinArrays2.default)()]));","}","","var mergeSmart = merge({","  customizeArray: function customizeArray(a, b, key) {","    if (isRule(key.split('.').slice(-1)[0])) {","      return (0, _unionWith3.default)(a, b, _joinArraysSmart.uniteRules.bind(null, {}, key));","    }","","    return null;","  }","});","","var mergeMultiple = function mergeMultiple() {","  for (var _len3 = arguments.length, sources = Array(_len3), _key3 = 0; _key3 < _len3; _key3++) {","    sources[_key3] = arguments[_key3];","  }","","  return (0, _values3.default)(merge(sources));","};","","// rules: { <field>: <'append'|'prepend'|'replace'> }","// All default to append but you can override here","var mergeStrategy = function mergeStrategy() {","  var rules = arguments.length > 0 && arguments[0] !== undefined ? arguments[0] : {};","  return merge({","    customizeArray: _customizeArray(rules),","    customizeObject: customizeObject(rules)","  });","};","var mergeSmartStrategy = function mergeSmartStrategy() {","  var rules = arguments.length > 0 && arguments[0] !== undefined ? arguments[0] : {};","  return merge({","    customizeArray: function customizeArray(a, b, key) {","      var topKey = key.split('.').slice(-1)[0];","","      if (isRule(topKey)) {","        switch (rules[key]) {","          case 'prepend':","            return [].concat(_toConsumableArray((0, _differenceWith3.default)(b, a, function (newRule, seenRule) {","              return (0, _joinArraysSmart.uniteRules)(rules, key, newRule, seenRule, 'prepend');","            })), _toConsumableArray(a));","          case 'replace':","            return b;","          default:","            // append","            return (0, _unionWith3.default)(a, b, _joinArraysSmart.uniteRules.bind(null, rules, key));","        }","      }","","      return _customizeArray(rules)(a, b, key);","    },","    customizeObject: customizeObject(rules)","  });","};","","function _customizeArray(rules) {","  return function (a, b, key) {","    switch (rules[key]) {","      case 'prepend':","        return [].concat(_toConsumableArray(b), _toConsumableArray(a));","      case 'replace':","        return b;","      default:","        // append","        return false;","    }","  };","}","","function customizeObject(rules) {","  return function (a, b, key) {","    switch (rules[key]) {","      case 'prepend':","        return (0, _mergeWith3.default)({}, b, a, (0, _joinArrays2.default)());","      case 'replace':","        return b;","      default:","        // append","        return false;","    }","  };","}","","function isRule(key) {","  return ['preLoaders', 'loaders', 'postLoaders', 'rules'].indexOf(key) >= 0;","}","","module.exports = merge;","module.exports.multiple = mergeMultiple;","module.exports.smart = mergeSmart;","module.exports.strategy = mergeStrategy;","module.exports.smartStrategy = mergeSmartStrategy;","module.exports.unique = _unique2.default;"],"l":{"3":1,"5":1,"7":1,"9":1,"11":1,"13":1,"15":1,"17":1,"19":1,"21":1,"23":1,"25":1,"27":1,"29":6,"31":1,"33":1,"34":1,"35":1,"42":1,"43":1,"44":0,"47":1,"48":1,"49":0,"50":0,"53":0,"54":0,"57":0,"61":0,"64":0,"67":1,"69":0,"70":0,"73":0,"77":1,"78":0,"79":0,"82":0,"87":1,"88":0,"89":0,"94":1,"95":0,"96":0,"98":0,"100":0,"101":0,"103":0,"104":0,"107":0,"110":0,"114":0,"120":1,"121":0,"122":0,"124":0,"126":0,"129":0,"134":1,"135":0,"136":0,"138":0,"140":0,"143":0,"148":1,"149":0,"152":1,"153":1,"154":1,"155":1,"156":1,"157":1}},"/home/travis/build/npmtest/node-npmtest-webpack-merge/webpack-merge/lib/join-arrays.js":{"path":"/home/travis/build/npmtest/node-npmtest-webpack-merge/webpack-merge/lib/join-arrays.js","s":{"1":1,"2":1,"3":1,"4":1,"5":1,"6":1,"7":1,"8":1,"9":1,"10":1,"11":1,"12":4,"13":1,"14":0,"15":0,"16":0,"17":0,"18":0,"19":1,"20":1,"21":0,"22":0,"23":0,"24":0,"25":0,"26":0,"27":0,"28":0,"29":0,"30":0,"31":0,"32":0,"33":0,"34":0,"35":0},"b":{"1":[0,4],"2":[4,4],"3":[0,0],"4":[0,0],"5":[0,0],"6":[0,0],"7":[0,0],"8":[0,0],"9":[0,0],"10":[0,0],"11":[0,0],"12":[0,0],"13":[0,0],"14":[0,0],"15":[0,0],"16":[0,0],"17":[0,0]},"f":{"1":4,"2":0,"3":0,"4":0,"5":0},"fnMap":{"1":{"name":"_interopRequireDefault","line":25,"loc":{"start":{"line":25,"column":0},"end":{"line":25,"column":37}}},"2":{"name":"_toConsumableArray","line":27,"loc":{"start":{"line":27,"column":0},"end":{"line":27,"column":33}}},"3":{"name":"joinArrays","line":31,"loc":{"start":{"line":31,"column":0},"end":{"line":31,"column":22}}},"4":{"name":"_joinArrays","line":37,"loc":{"start":{"line":37,"column":9},"end":{"line":37,"column":39}}},"5":{"name":"(anonymous_5)","line":41,"loc":{"start":{"line":41,"column":13},"end":{"line":41,"column":25}}}},"statementMap":{"1":{"start":{"line":3,"column":0},"end":{"line":5,"column":3}},"2":{"start":{"line":7,"column":0},"end":{"line":7,"column":46}},"3":{"start":{"line":9,"column":0},"end":{"line":9,"column":54}},"4":{"start":{"line":11,"column":0},"end":{"line":11,"column":54}},"5":{"start":{"line":13,"column":0},"end":{"line":13,"column":62}},"6":{"start":{"line":15,"column":0},"end":{"line":15,"column":48}},"7":{"start":{"line":17,"column":0},"end":{"line":17,"column":56}},"8":{"start":{"line":19,"column":0},"end":{"line":19,"column":46}},"9":{"start":{"line":21,"column":0},"end":{"line":21,"column":54}},"10":{"start":{"line":23,"column":0},"end":{"line":23,"column":29}},"11":{"start":{"line":25,"column":0},"end":{"line":25,"column":95}},"12":{"start":{"line":25,"column":39},"end":{"line":25,"column":93}},"13":{"start":{"line":27,"column":0},"end":{"line":27,"column":195}},"14":{"start":{"line":27,"column":35},"end":{"line":27,"column":193}},"15":{"start":{"line":27,"column":61},"end":{"line":27,"column":145}},"16":{"start":{"line":27,"column":126},"end":{"line":27,"column":143}},"17":{"start":{"line":27,"column":146},"end":{"line":27,"column":158}},"18":{"start":{"line":27,"column":168},"end":{"line":27,"column":191}},"19":{"start":{"line":29,"column":0},"end":{"line":29,"column":28}},"20":{"start":{"line":31,"column":0},"end":{"line":67,"column":1}},"21":{"start":{"line":32,"column":2},"end":{"line":35,"column":21}},"22":{"start":{"line":37,"column":2},"end":{"line":66,"column":4}},"23":{"start":{"line":38,"column":4},"end":{"line":38,"column":41}},"24":{"start":{"line":40,"column":4},"end":{"line":44,"column":5}},"25":{"start":{"line":41,"column":6},"end":{"line":43,"column":8}},"26":{"start":{"line":42,"column":8},"end":{"line":42,"column":92}},"27":{"start":{"line":45,"column":4},"end":{"line":49,"column":5}},"28":{"start":{"line":46,"column":6},"end":{"line":46,"column":72}},"29":{"start":{"line":48,"column":6},"end":{"line":48,"column":85}},"30":{"start":{"line":51,"column":4},"end":{"line":59,"column":5}},"31":{"start":{"line":52,"column":6},"end":{"line":52,"column":75}},"32":{"start":{"line":54,"column":6},"end":{"line":58,"column":10}},"33":{"start":{"line":61,"column":4},"end":{"line":63,"column":5}},"34":{"start":{"line":62,"column":6},"end":{"line":62,"column":41}},"35":{"start":{"line":65,"column":4},"end":{"line":65,"column":13}}},"branchMap":{"1":{"line":25,"type":"cond-expr","locations":[{"start":{"line":25,"column":70},"end":{"line":25,"column":73}},{"start":{"line":25,"column":76},"end":{"line":25,"column":92}}]},"2":{"line":25,"type":"binary-expr","locations":[{"start":{"line":25,"column":46},"end":{"line":25,"column":49}},{"start":{"line":25,"column":53},"end":{"line":25,"column":67}}]},"3":{"line":27,"type":"if","locations":[{"start":{"line":27,"column":35},"end":{"line":27,"column":35}},{"start":{"line":27,"column":35},"end":{"line":27,"column":35}}]},"4":{"line":32,"type":"cond-expr","locations":[{"start":{"line":32,"column":66},"end":{"line":32,"column":78}},{"start":{"line":32,"column":81},"end":{"line":32,"column":83}}]},"5":{"line":32,"type":"binary-expr","locations":[{"start":{"line":32,"column":13},"end":{"line":32,"column":33}},{"start":{"line":32,"column":37},"end":{"line":32,"column":63}}]},"6":{"line":38,"type":"cond-expr","locations":[{"start":{"line":38,"column":23},"end":{"line":38,"column":36}},{"start":{"line":38,"column":39},"end":{"line":38,"column":40}}]},"7":{"line":40,"type":"if","locations":[{"start":{"line":40,"column":4},"end":{"line":40,"column":4}},{"start":{"line":40,"column":4},"end":{"line":40,"column":4}}]},"8":{"line":40,"type":"binary-expr","locations":[{"start":{"line":40,"column":8},"end":{"line":40,"column":36}},{"start":{"line":40,"column":40},"end":{"line":40,"column":68}}]},"9":{"line":45,"type":"if","locations":[{"start":{"line":45,"column":4},"end":{"line":45,"column":4}},{"start":{"line":45,"column":4},"end":{"line":45,"column":4}}]},"10":{"line":45,"type":"binary-expr","locations":[{"start":{"line":45,"column":8},"end":{"line":45,"column":18}},{"start":{"line":45,"column":22},"end":{"line":45,"column":32}}]},"11":{"line":46,"type":"binary-expr","locations":[{"start":{"line":46,"column":25},"end":{"line":46,"column":39}},{"start":{"line":46,"column":43},"end":{"line":46,"column":71}}]},"12":{"line":48,"type":"binary-expr","locations":[{"start":{"line":48,"column":13},"end":{"line":48,"column":25}},{"start":{"line":48,"column":29},"end":{"line":48,"column":84}}]},"13":{"line":51,"type":"if","locations":[{"start":{"line":51,"column":4},"end":{"line":51,"column":4}},{"start":{"line":51,"column":4},"end":{"line":51,"column":4}}]},"14":{"line":51,"type":"binary-expr","locations":[{"start":{"line":51,"column":8},"end":{"line":51,"column":39}},{"start":{"line":51,"column":43},"end":{"line":51,"column":74}}]},"15":{"line":52,"type":"binary-expr","locations":[{"start":{"line":52,"column":26},"end":{"line":52,"column":41}},{"start":{"line":52,"column":45},"end":{"line":52,"column":74}}]},"16":{"line":54,"type":"binary-expr","locations":[{"start":{"line":54,"column":13},"end":{"line":54,"column":26}},{"start":{"line":54,"column":30},"end":{"line":58,"column":9}}]},"17":{"line":61,"type":"if","locations":[{"start":{"line":61,"column":4},"end":{"line":61,"column":4}},{"start":{"line":61,"column":4},"end":{"line":61,"column":4}}]}},"code":["'use strict';","","Object.defineProperty(exports, \"__esModule\", {","  value: true","});","","var _mergeWith2 = require('lodash/mergeWith');","","var _mergeWith3 = _interopRequireDefault(_mergeWith2);","","var _isPlainObject2 = require('lodash/isPlainObject');","","var _isPlainObject3 = _interopRequireDefault(_isPlainObject2);","","var _isFunction2 = require('lodash/isFunction');","","var _isFunction3 = _interopRequireDefault(_isFunction2);","","var _cloneDeep2 = require('lodash/cloneDeep');","","var _cloneDeep3 = _interopRequireDefault(_cloneDeep2);","","exports.default = joinArrays;","","function _interopRequireDefault(obj) { return obj && obj.__esModule ? obj : { default: obj }; }","","function _toConsumableArray(arr) { if (Array.isArray(arr)) { for (var i = 0, arr2 = Array(arr.length); i < arr.length; i++) { arr2[i] = arr[i]; } return arr2; } else { return Array.from(arr); } }","","var isArray = Array.isArray;","","function joinArrays() {","  var _ref = arguments.length > 0 && arguments[0] !== undefined ? arguments[0] : {},","      customizeArray = _ref.customizeArray,","      customizeObject = _ref.customizeObject,","      key = _ref.key;","","  return function _joinArrays(a, b, k) {","    var newKey = key ? key + '.' + k : k;","","    if ((0, _isFunction3.default)(a) && (0, _isFunction3.default)(b)) {","      return function () {","        return _joinArrays(a.apply(undefined, arguments), b.apply(undefined, arguments), k);","      };","    }","    if (isArray(a) && isArray(b)) {","      var customResult = customizeArray && customizeArray(a, b, newKey);","","      return customResult || [].concat(_toConsumableArray(a), _toConsumableArray(b));","    }","","    if ((0, _isPlainObject3.default)(a) && (0, _isPlainObject3.default)(b)) {","      var _customResult = customizeObject && customizeObject(a, b, newKey);","","      return _customResult || (0, _mergeWith3.default)({}, a, b, joinArrays({","        customizeArray: customizeArray,","        customizeObject: customizeObject,","        key: newKey","      }));","    }","","    if ((0, _isPlainObject3.default)(b)) {","      return (0, _cloneDeep3.default)(b);","    }","","    return b;","  };","}"],"l":{"3":1,"7":1,"9":1,"11":1,"13":1,"15":1,"17":1,"19":1,"21":1,"23":1,"25":4,"27":1,"29":1,"31":1,"32":0,"37":0,"38":0,"40":0,"41":0,"42":0,"45":0,"46":0,"48":0,"51":0,"52":0,"54":0,"61":0,"62":0,"65":0}},"/home/travis/build/npmtest/node-npmtest-webpack-merge/webpack-merge/lib/join-arrays-smart.js":{"path":"/home/travis/build/npmtest/node-npmtest-webpack-merge/webpack-merge/lib/join-arrays-smart.js","s":{"1":1,"2":1,"3":1,"4":1,"5":1,"6":1,"7":1,"8":1,"9":1,"10":1,"11":1,"12":1,"13":0,"14":0,"15":0,"16":0,"17":0,"18":0,"19":0,"20":0,"21":0,"22":0,"23":0,"24":0,"25":0,"26":0,"27":0,"28":0,"29":0,"30":1,"31":0,"32":0,"33":0,"34":0,"35":0,"36":1,"37":4,"38":1,"39":0,"40":0,"41":0,"42":0,"43":0,"44":1,"45":1,"46":0,"47":0,"48":0,"49":0,"50":0,"51":0,"52":0,"53":0,"54":0,"55":0,"56":0,"57":0,"58":0,"59":0,"60":0,"61":0,"62":0,"63":0,"64":0,"65":0,"66":0,"67":0,"68":0,"69":0,"70":0,"71":0,"72":0,"73":0,"74":0,"75":0,"76":0,"77":0,"78":0,"79":0,"80":0,"81":0,"82":0,"83":0,"84":0,"85":0,"86":0,"87":0,"88":1,"89":0,"90":0,"91":0,"92":1,"93":0,"94":0,"95":0,"96":0,"97":0,"98":0,"99":0,"100":1,"101":1},"b":{"1":[0,0],"2":[0,0],"3":[0,0],"4":[0,0],"5":[0,0],"6":[0,0],"7":[0,0],"8":[0,4],"9":[4,4],"10":[0,0],"11":[0,0],"12":[0,0,0,0,0,0,0,0],"13":[0,0],"14":[0,0,0,0],"15":[0,0],"16":[0,0],"17":[0,0],"18":[0,0,0,0],"19":[0,0],"20":[0,0],"21":[0,0],"22":[0,0],"23":[0,0],"24":[0,0,0,0,0],"25":[0,0],"26":[0,0],"27":[0,0],"28":[0,0],"29":[0,0],"30":[0,0],"31":[0,0],"32":[0,0],"33":[0,0],"34":[0,0],"35":[0,0],"36":[0,0],"37":[0,0,0],"38":[0,0],"39":[0,0],"40":[0,0],"41":[0,0],"42":[0,0]},"f":{"1":1,"2":0,"3":0,"4":4,"5":0,"6":0,"7":0,"8":0,"9":0,"10":0,"11":0},"fnMap":{"1":{"name":"(anonymous_1)","line":24,"loc":{"start":{"line":24,"column":21},"end":{"line":24,"column":33}}},"2":{"name":"sliceIterator","line":24,"loc":{"start":{"line":24,"column":35},"end":{"line":24,"column":66}}},"3":{"name":"(anonymous_3)","line":24,"loc":{"start":{"line":24,"column":436},"end":{"line":24,"column":454}}},"4":{"name":"_interopRequireDefault","line":26,"loc":{"start":{"line":26,"column":0},"end":{"line":26,"column":37}}},"5":{"name":"_toConsumableArray","line":28,"loc":{"start":{"line":28,"column":0},"end":{"line":28,"column":33}}},"6":{"name":"uniteRules","line":32,"loc":{"start":{"line":32,"column":0},"end":{"line":32,"column":47}}},"7":{"name":"expandEntry","line":55,"loc":{"start":{"line":55,"column":22},"end":{"line":55,"column":51}}},"8":{"name":"unwrapEntry","line":59,"loc":{"start":{"line":59,"column":22},"end":{"line":59,"column":50}}},"9":{"name":"isSameValue","line":116,"loc":{"start":{"line":116,"column":0},"end":{"line":116,"column":27}}},"10":{"name":"(anonymous_10)","line":117,"loc":{"start":{"line":117,"column":24},"end":{"line":117,"column":41}}},"11":{"name":"uniteEntries","line":127,"loc":{"start":{"line":127,"column":0},"end":{"line":127,"column":39}}}},"statementMap":{"1":{"start":{"line":3,"column":0},"end":{"line":5,"column":3}},"2":{"start":{"line":6,"column":0},"end":{"line":6,"column":54}},"3":{"start":{"line":8,"column":0},"end":{"line":8,"column":56}},"4":{"start":{"line":10,"column":0},"end":{"line":10,"column":64}},"5":{"start":{"line":12,"column":0},"end":{"line":12,"column":46}},"6":{"start":{"line":14,"column":0},"end":{"line":14,"column":54}},"7":{"start":{"line":16,"column":0},"end":{"line":16,"column":46}},"8":{"start":{"line":18,"column":0},"end":{"line":18,"column":54}},"9":{"start":{"line":20,"column":0},"end":{"line":20,"column":42}},"10":{"start":{"line":22,"column":0},"end":{"line":22,"column":50}},"11":{"start":{"line":24,"column":0},"end":{"line":24,"column":664}},"12":{"start":{"line":24,"column":35},"end":{"line":24,"column":428}},"13":{"start":{"line":24,"column":68},"end":{"line":24,"column":82}},"14":{"start":{"line":24,"column":83},"end":{"line":24,"column":97}},"15":{"start":{"line":24,"column":98},"end":{"line":24,"column":113}},"16":{"start":{"line":24,"column":114},"end":{"line":24,"column":133}},"17":{"start":{"line":24,"column":134},"end":{"line":24,"column":413}},"18":{"start":{"line":24,"column":140},"end":{"line":24,"column":283}},"19":{"start":{"line":24,"column":226},"end":{"line":24,"column":246}},"20":{"start":{"line":24,"column":247},"end":{"line":24,"column":281}},"21":{"start":{"line":24,"column":275},"end":{"line":24,"column":281}},"22":{"start":{"line":24,"column":300},"end":{"line":24,"column":310}},"23":{"start":{"line":24,"column":311},"end":{"line":24,"column":320}},"24":{"start":{"line":24,"column":333},"end":{"line":24,"column":411}},"25":{"start":{"line":24,"column":339},"end":{"line":24,"column":379}},"26":{"start":{"line":24,"column":364},"end":{"line":24,"column":379}},"27":{"start":{"line":24,"column":392},"end":{"line":24,"column":409}},"28":{"start":{"line":24,"column":400},"end":{"line":24,"column":409}},"29":{"start":{"line":24,"column":414},"end":{"line":24,"column":426}},"30":{"start":{"line":24
[...]
{"line":118,"column":80}},"91":{"start":{"line":124,"column":2},"end":{"line":124,"column":46}},"92":{"start":{"line":127,"column":0},"end":{"line":145,"column":1}},"93":{"start":{"line":128,"column":2},"end":{"line":128,"column":34}},"94":{"start":{"line":130,"column":2},"end":{"line":132,"column":43}},"95":{"start":{"line":134,"column":2},"end":{"line":136,"column":48}},"96":{"start":{"line":138,"column":2},"end":{"line":140,"column":3}},"97":{"start":{"line":139,"column":4},"end":{"line":139,"column":17}},"98":{"start":{"line":143,"column":2},"end":{"line":143,"column":44}},"99":{"start":{"line":144,"column":2},"end":{"line":144,"column":14}},"100":{"start":{"line":147,"column":0},"end":{"line":147,"column":32}},"101":{"start":{"line":148,"column":0},"end":{"line":148,"column":36}}},"branchMap":{"1":{"line":24,"type":"if","locations":[{"start":{"line":24,"column":247},"end":{"line":24,"column":247}},{"start":{"line":24,"column":247},"end":{"line":24,"column":247}}]},"2":{"line":24,"type":"binary-expr","locations":[{"start":{"line":24,"column":251},"end":{"line":24,"column":252}},{"start":{"line":24,"column":256},"end":{"line":24,"column":273}}]},"3":{"line":24,"type":"if","locations":[{"start":{"line":24,"column":339},"end":{"line":24,"column":339}},{"start":{"line":24,"column":339},"end":{"line":24,"column":339}}]},"4":{"line":24,"type":"binary-expr","locations":[{"start":{"line":24,"column":343},"end":{"line":24,"column":346}},{"start":{"line":24,"column":350},"end":{"line":24,"column":362}}]},"5":{"line":24,"type":"if","locations":[{"start":{"line":24,"column":392},"end":{"line":24,"column":392}},{"start":{"line":24,"column":392},"end":{"line":24,"column":392}}]},"6":{"line":24,"type":"if","locations":[{"start":{"line":24,"column":456},"end":{"line":24,"column":456}},{"start":{"line":24,"column":456},"end":{"line":24,"column":456}}]},"7":{"line":24,"type":"if","locations":[{"start":{"line":24,"column":501},"end":{"line":24,"column":501}},{"start":{"line":24,"column":501},"end":{"line":24,"column":501}}]},"8":{"line":26,"type":"cond-expr","locations":[{"start":{"line":26,"column":70},"end":{"line":26,"column":73}},{"start":{"line":26,"column":76},"end":{"line":26,"column":92}}]},"9":{"line":26,"type":"binary-expr","locations":[{"start":{"line":26,"column":46},"end":{"line":26,"column":49}},{"start":{"line":26,"column":53},"end":{"line":26,"column":67}}]},"10":{"line":28,"type":"if","locations":[{"start":{"line":28,"column":35},"end":{"line":28,"column":35}},{"start":{"line":28,"column":35},"end":{"line":28,"column":35}}]},"11":{"line":33,"type":"if","locations":[{"start":{"line":33,"column":2},"end":{"line":33,"column":2}},{"start":{"line":33,"column":2},"end":{"line":33,"column":2}}]},"12":{"line":33,"type":"binary-expr","locations":[{"start":{"line":33,"column":6},"end":{"line":33,"column":48}},{"start":{"line":33,"column":53},"end":{"line":33,"column":68}},{"start":{"line":33,"column":72},"end":{"line":33,"column":84}},{"start":{"line":33,"column":89},"end":{"line":33,"column":121}},{"start":{"line":33,"column":125},"end":{"line":33,"column":140}},{"start":{"line":33,"column":144},"end":{"line":33,"column":187}},{"start":{"line":33,"column":191},"end":{"line":33,"column":206}},{"start":{"line":33,"column":210},"end":{"line":33,"column":253}}]},"13":{"line":35,"type":"if","locations":[{"start":{"line":35,"column":9},"end":{"line":35,"column":9}},{"start":{"line":35,"column":9},"end":{"line":35,"column":9}}]},"14":{"line":35,"type":"binary-expr","locations":[{"start":{"line":35,"column":13},"end":{"line":35,"column":23}},{"start":{"line":35,"column":27},"end":{"line":35,"column":40}},{"start":{"line":35,"column":44},"end":{"line":35,"column":57}},{"start":{"line":35,"column":61},"end":{"line":35,"column":156}}]},"15":{"line":35,"type":"binary-expr","locations":[{"start":{"line":35,"column":62},"end":{"line":35,"column":73}},{"start":{"line":35,"column":77},"end":{"line":35,"column":102}}]},"16":{"line":35,"type":"binary-expr","locations":[{"start":{"line":35,"column":109},"end":{"line":35,"column":123}},{"start":{"line":35,"column":127},"end":{"line":35,"column":155}}]},"17":{"line":38,"type":"if","locations":[{"start":{"line":38,"column":9},"end":{"line":38,"column":9}},{"start":{"line":38,"column":9},"end":{"line":38,"column":9}}]},"18":{"line":38,"type":"binary-expr","locations":[{"start":{"line":38,"column":14},"end":{"line":38,"column":26}},{"start":{"line":38,"column":30},"end":{"line":38,"column":42}},{"start":{"line":38,"column":47},"end":{"line":38,"column":63}},{"start":{"line":38,"column":67},"end":{"line":38,"column":83}}]},"19":{"line":44,"type":"if","locations":[{"start":{"line":44,"column":2},"end":{"line":44,"column":2}},{"start":{"line":44,"column":2},"end":{"line":44,"column":2}}]},"20":{"line":45,"type":"cond-expr","locations":[{"start":{"line":45,"column":39},"end":{"line":45,"column":48}},{"start":{"line":45,"column":51},"end":{"line":45,"column":75}}]},"21":{"line":45,"type":"binary-expr","locations":[{"start":{"line":45,"column":51},"end":{"line":45,"column":64}},{"start":{"line":45,"column":68},"end":{"line":45,"column":75}}]},"22":{"line":51,"type":"if","locations":[{"start":{"line":51,"column":4},"end":{"line":51,"column":4}},{"start":{"line":51,"column":4},"end":{"line":51,"column":4}}]},"23":{"line":54,"type":"if","locations":[{"start":{"line":54,"column":9},"end":{"line":54,"column":9}},{"start":{"line":54,"column":9},"end":{"line":54,"column":9}}]},"24":{"line":54,"type":"binary-expr","locations":[{"start":{"line":54,"column":14},"end":{"line":54,"column":22}},{"start":{"line":54,"column":26},"end":{"line":54,"column":38}},{"start":{"line":54,"column":42},"end":{"line":54,"column":53}},{"start":{"line":54,"column":59},"end":{"line":54,"column":70}},{"start":{"line":54,"column":74},"end":{"line":54,"column":89}}]},"25":{"line":56,"type":"cond-expr","locations":[{"start":{"line":56,"column":42},"end":{"line":56,"column":60}},{"start":{"line":56,"column":63},"end":{"line":56,"column":69}}]},"26":{"line":60,"type":"cond-expr","locations":[{"start":{"line":60,"column":46},"end":{"line":60,"column":58}},{"start":{"line":60,"column":61},"end":{"line":60,"column":66}}]},"27":{"line":60,"type":"binary-expr","locations":[{"start":{"line":60,"column":13},"end":{"line":60,"column":27}},{"start":{"line":60,"column":31},"end":{"line":60,"column":43}}]},"28":{"line":64,"type":"if","locations":[{"start":{"line":64,"column":4},"end":{"line":64,"column":4}},{"start":{"line":64,"column":4},"end":{"line":64,"column":4}}]},"29":{"line":65,"type":"cond-expr","locations":[{"start":{"line":65,"column":39},"end":{"line":65,"column":48}},{"start":{"line":65,"column":51},"end":{"line":65,"column":72}}]},"30":{"line":65,"type":"binary-expr","locations":[{"start":{"line":65,"column":51},"end":{"line":65,"column":61}},{"start":{"line":65,"column":65},"end":{"line":65,"column":72}}]},"31":{"line":68,"type":"if","locations":[{"start":{"line":68,"column":6},"end":{"line":68,"column":6}},{"start":{"line":68,"column":6},"end":{"line":68,"column":6}}]},"32":{"line":74,"type":"if","locations":[{"start":{"line":74,"column":6},"end":{"line":74,"column":6}},{"start":{"line":74,"column":6},"end":{"line":74,"column":6}}]},"33":{"line":78,"type":"binary-expr","locations":[{"start":{"line":78,"column":26},"end":{"line":78,"column":34}},{"start":{"line":78,"column":38},"end":{"line":78,"column":50}}]},"34":{"line":80,"type":"binary-expr","locations":[{"start":{"line":80,"column":31},"end":{"line":80,"column":42}},{"start":{"line":80,"column":46},"end":{"line":80,"column":61}}]},"35":{"line":82,"type":"cond-expr","locations":[{"start":{"line":82,"column":47},"end":{"line":82,"column":52}},{"start":{"line":82,"column":55},"end":{"line":82,"column":64}}]},"36":{"line":82,"type":"binary-expr","locations":[{"start":{"line":82,"column":21},"end":{"line":82,"column":29}},{"start":{"line":82,"column":33},"end":{"line":82,"column":44}}]},"37":{"line":85,"type":"switch","locations":[{"start":{"line":86,"column":6},"end":{"line":88,"column":14}},{"start":{"line":89,"column":6},"end":{"line":91,"column":14}},{"start":{"line":92,"column":6},"end":{"line":96,"column":122}}]},"38":{"line":90,"type":"binary-expr","locations":[{"start":{"line":90,"column":27},"end":{"line":90,"column":38}},{"start":{"line":90,"column":42},"end":{"line":90,"column":57}}]},"39":{"line":100,"type":"if","locations":[{"start":{"line":100,"column":2},"end":{"line":100,"column":2}},{"start":{"line":100,"column":2},"end":{"line":100,"column":2}}]},"40":{"line":104,"type":"if","locations":[{"start":{"line":104,"column":2},"end":{"line":104,"column":2}},{"start":{"line":104,"column":2},"end":{"line":104,"column":2}}]},"41":{"line":118,"type":"cond-expr","locations":[{"start":{"line":118,"column":28},"end":{"line":118,"column":71}},{"start":{"line":118,"column":74},"end":{"line":118,"column":79}}]},"42":{"line":138,"type":"if","locations":[{"start":{"line":138,"column":2},"end":{"line":138,"column":2}},{"start":{"line":138,"column":2},"end":{"line":138,"column":2}}]}},"code":["'use strict';","","Object.defineProperty(exports, \"__esModule\", {","  value: true","});","exports.uniteEntries = exports.uniteRules = undefined;","","var _differenceWith2 = require('lodash/differenceWith');","","var _differenceWith3 = _interopRequireDefault(_differenceWith2);","","var _unionWith2 = require('lodash/unionWith');","","var _unionWith3 = _interopRequireDefault(_unionWith2);","","var _mergeWith2 = require('lodash/mergeWith');","","var _mergeWith3 = _interopRequireDefault(_mergeWith2);","","var _isEqual2 = require('lodash/isEqual');","","var _isEqual3 = _interopRequireDefault(_isEqual2);","","var _slicedToArray = function () { function sliceIterator(arr, i) { var _arr = []; var _n = true; var _d = false; var _e = undefined; try { for (var _i = arr[Symbol.iterator](), _s; !(_n = (_s = _i.next()).done); _n = true) { _arr.push(_s.value); if (i && _arr.length === i) break; } } catch (err) { _d = true; _e = err; } finally { try { if (!_n && _i[\"return\"]) _i[\"return\"](); } finally { if (_d) throw _e; } } return _arr; } return function (arr, i) { if (Array.isArray(arr)) { return arr; } else if (Symbol.iterator in Object(arr)) { return sliceIterator(arr, i); } else { throw new TypeError(\"Invalid attempt to destructure non-iterable instance\"); } }; }();","","function _interopRequireDefault(obj) { return obj && obj.__esModule ? obj : { default: obj }; }","","function _toConsumableArray(arr) { if (Array.isArray(arr)) { for (var i = 0, arr2 = Array(arr.length); i < arr.length; i++) { arr2[i] = arr[i]; } return arr2; } else { return Array.from(arr); } }","","var isArray = Array.isArray;","","function uniteRules(rules, key, newRule, rule) {","  if (String(rule.test) !== String(newRule.test) || (newRule.enforce || rule.enforce) && rule.enforce !== newRule.enforce || newRule.include && !isSameValue(rule.include, newRule.include) || newRule.exclude && !isSameValue(rule.exclude, newRule.exclude)) {","    return false;","  } else if (!rule.test && !rule.include && !rule.exclude && (rule.loader && rule.loader.split('?')[0]) !== (newRule.loader && newRule.loader.split('?')[0])) {","    // Don't merge the rule if there isn't any identifying fields and the loaders don't match","    return false;","  } else if ((rule.include || rule.exclude) && !newRule.include && !newRule.exclude) {","    // Don't merge child without include/exclude to parent that has either","    return false;","  }","","  // newRule.loader should always override","  if (newRule.loader) {","    var optionsKey = newRule.options ? 'options' : newRule.query && 'query';","","    delete rule.use;","    delete rule.loaders;","    rule.loader = newRule.loader;","","    if (optionsKey) {","      rule[optionsKey] = newRule[optionsKey];","    }","  } else if ((rule.use || rule.loaders || rule.loader) && (newRule.use || newRule.loaders)) {","    var expandEntry = function expandEntry(loader) {","      return typeof loader === 'string' ? { loader: loader } : loader;","    };","    // this is only here to avoid breaking existing tests","    var unwrapEntry = function unwrapEntry(entry) {","      return !entry.options && !entry.query ? entry.loader : entry;","    };","","    var entries = void 0;","    if (rule.loader) {","      var _optionsKey = rule.options ? 'options' : rule.query && 'query';","      entries = [{ loader: rule.loader }];","","      if (_optionsKey) {","        entries[0][_optionsKey] = rule[_optionsKey];","      }","","      delete rule.loader;","","      if (_optionsKey) {","        delete rule[_optionsKey];","      }","    } else {","      entries = [].concat(rule.use || rule.loaders).map(expandEntry);","    }","    var newEntries = [].concat(newRule.use || newRule.loaders).map(expandEntry);","","    var loadersKey = rule.use || newRule.use ? 'use' : 'loaders';","    var resolvedKey = key + '.' + loadersKey;","","    switch (rules[resolvedKey]) {","      case 'prepend':","        rule[loadersKey] = [].concat(_toConsumableArray((0, _differenceWith3.default)(newEntries, entries, uniteEntries)), _toConsumableArray(entries)).map(unwrapEntry);","        break;","      case 'replace':","        rule[loadersKey] = newRule.use || newRule.loaders;","        break;","      default:","        rule[loadersKey] = (0, _unionWith3.default)(","        // Remove existing entries so that we can respect the order of the new","        // entries","        (0, _differenceWith3.default)(entries, newEntries, _isEqual3.default), newEntries, uniteEntries).map(unwrapEntry);","    }","  }","","  if (newRule.include) {","    rule.include = newRule.include;","  }","","  if (newRule.exclude) {","    rule.exclude = newRule.exclude;","  }","","  return true;","}","","/**"," * Check equality of two values using lodash's isEqual"," * Arrays need to be sorted for equality checking"," * but clone them first so as not to disrupt the sort order in tests"," */","function isSameValue(a, b) {","  var _map = [a, b].map(function (value) {","    return isArray(value) ? [].concat(_toConsumableArray(value)).sort() : value;","  }),","      _map2 = _slicedToArray(_map, 2),","      propA = _map2[0],","      propB = _map2[1];","","  return (0, _isEqual3.default)(propA, propB);","}","","function uniteEntries(newEntry, entry) {","  var loaderNameRe = /^([^?]+)/ig;","","  var _entry$loader$match = entry.loader.match(loaderNameRe),","      _entry$loader$match2 = _slicedToArray(_entry$loader$match, 1),","      loaderName = _entry$loader$match2[0];","","  var _newEntry$loader$matc = newEntry.loader.match(loaderNameRe),","      _newEntry$loader$matc2 = _slicedToArray(_newEntry$loader$matc, 1),","      newLoaderName = _newEntry$loader$matc2[0];","","  if (loaderName !== newLoaderName) {","    return false;","  }","","  // Replace query values with newer ones","  (0, _mergeWith3.default)(entry, newEntry);","  return true;","}","","exports.uniteRules = uniteRules;","exports.uniteEntries = uniteEntries;"],"l":{"3":1,"6":1,"8":1,"10":1,"12":1,"14":1,"16":1,"18":1,"20":1,"22":1,"24":1,"26":4,"28":1,"30":1,"32":1,"33":0,"34":0,"35":0,"37":0,"38":0,"40":0,"44":0,"45":0,"47":0,"48":0,"49":0,"51":0,"52":0,"54":0,"55":0,"56":0,"59":0,"60":0,"63":0,"64":0,"65":0,"66":0,"68":0,"69":0,"72":0,"74":0,"75":0,"78":0,"80":0,"82":0,"83":0,"85":0,"87":0,"88":0,"90":0,"91":0,"93":0,"100":0,"101":0,"104":0,"105":0,"108":0,"116":1,"117":0,"118":0,"124":0,"127":1,"128":0,"130":0,"134":0,"138":0,"139":0,"143":0,"144":0,"147":1,"148":1}},"/home/travis/build/npmtest/node-npmtest-webpack-merge/webpack-merge/lib/unique.js":{"path":"/home/travis/build/npmtest/node-npmtest-webpack-merge/webpack-merge/lib/unique.js","s":{"1":1,"2":1,"3":1,"4":1,"5":1,"6":1,"7":0,"8":0,"9":0,"10":0,"11":0,"12":1,"13":0,"14":0,"15":0,"16":0,"17":0,"18":1},"b":{"1":[0,1],"2":[1,1],"3":[0,0],"4":[0,0],"5":[0,0],"6":[0,0]},"f":{"1":1,"2":0,"3":0,"4":0,"5":0,"6":0},"fnMap":{"1":{"name":"_interopRequireDefault","line":11,"loc":{"start":{"line":11,"column":0},"end":{"line":11,"column":37}}},"2":{"name":"_toConsumableArray","line":13,"loc":{"start":{"line":13,"column":0},"end":{"line":13,"column":33}}},"3":{"name":"mergeUnique","line":15,"loc":{"start":{"line":15,"column":0},"end":{"line":15,"column":35}}},"4":{"name":"(anonymous_4)","line":16,"loc":{"start":{"line":16,"column":83},"end":{"line":16,"column":96}}},"5":{"name":"(anonymous_5)","line":20,"loc":{"start":{"line":20,"column":9},"end":{"line":20,"column":28}}},"6":{"name":"(anonymous_6)","line":21,"loc":{"start":{"line":21,"column":112},"end":{"line":21,"column":128}}}},"statementMap":{"1":{"start":{"line":3,"column":0},"end":{"line":5,"column":3}},"2":{"start":{"line":7,"column":0},"end":{"line":7,"column":56}},"3":{"start":{"line":9,"column":0},"end":{"line":9,"column":64}},"4":{"start":{"line":11,"column":0},"end":{"line":11,"column":95}},"5":{"start":{"line":11,"column":39},"end":{"line":11,"column":93}},"6":{"start":{"line":13,"column":0},"end":{"line":13,"column":195}},"7":{"start":{"line":13,"column":35},"end":{"line":13,"column":193}},"8":{"start":{"line":13,"column":61},"end":{"line":13,"column":145}},"9":{"start":{"line":13,"column":126},"end":{"line":13,"column":143}},"10":{"start":{"line":13,"column":146},"end":{"line":13,"column":158}},"11":{"start":{"line":13,"column":168},"end":{"line":13,"column":191}},"12":{"start":{"line":15,"column":0},"end":{"line":25,"column":1}},"13":{"start":{"line":16,"column":2},"end":{"line":18,"column":4}},"14":{"start":{"line":17,"column":4},"end":{"line":17,"column":13}},"15":{"start":{"line":20,"column":2},"end":{"line":24,"column":4}},"16":{"start":{"line":21,"column":4},"end":{"line":23,"column":9}},"17":{"start":{"line":22,"column":6},"end":{"line":22,"column":48}},"18":{"start":{"line":27,"column":0},"end":{"line":27,"column":30}}},"branchMap":{"1":{"line":11,"type":"cond-expr","locations":[{"start":{"line":11,"column":70},"end":{"line":11,"column":73}},{"start":{"line":11,"column":76},"end":{"line":11,"column":92}}]},"2":{"line":11,"type":"binary-expr","locations":[{"start":{"line":11,"column":46},"end":{"line":11,"column":49}},{"start":{"line":11,"column":53},"end":{"line":11,"column":67}}]},"3":{"line":13,"type":"if","locations":[{"start":{"line":13,"column":35},"end":{"line":13,"column":35}},{"start":{"line":13,"column":35},"end":{"line":13,"column":35}}]},"4":{"line":16,"type":"cond-expr","locations":[{"start":{"line":16,"column":68},"end":{"line":16,"column":80}},{"start":{"line":16,"column":83},"end":{"line":18,"column":3}}]},"5":{"line":16,"type":"binary-expr","locations":[{"start":{"line":16,"column":15},"end":{"line":16,"column":35}},{"start":{"line":16,"column":39},"end":{"line":16,"column":65}}]},"6":{"line":21,"type":"binary-expr","locations":[{"start":{"line":21,"column":11},"end":{"line":21,"column":20}},{"start":{"line":21,"column":24},"end":{"line":23,"column":8}}]}},"code":["'use strict';","","Object.defineProperty(exports, \"__esModule\", {","  value: true","});","","var _differenceWith2 = require('lodash/differenceWith');","","var _differenceWith3 = _interopRequireDefault(_differenceWith2);","","function _interopRequireDefault(obj) { return obj && obj.__esModule ? obj : { default: obj }; }","","function _toConsumableArray(arr) { if (Array.isArray(arr)) { for (var i = 0, arr2 = Array(arr.length); i < arr.length; i++) { arr2[i] = arr[i]; } return arr2; } else { return Array.from(arr); } }","","function mergeUnique(key, uniques) {","  var getter = arguments.length > 2 && arguments[2] !== undefined ? arguments[2] : function (a) {","    return a;","  };","","  return function (a, b, k) {","    return k === key && [].concat(_toConsumableArray(a), _toConsumableArray((0, _differenceWith3.default)(b, a, function (item) {","      return uniques.indexOf(getter(item)) >= 0;","    })));","  };","}","","exports.default = mergeUnique;"],"l":{"3":1,"7":1,"9":1,"11":1,"13":1,"15":1,"16":0,"17":0,"20":0,"21":0,"22":0,"27":1}}}